#-----------------------------------------------------------
# Vivado v2024.2 (64-bit)
# SW Build 5239630 on Fri Nov 08 22:35:27 MST 2024
# IP Build 5239520 on Sun Nov 10 16:12:51 MST 2024
# SharedData Build 5239561 on Fri Nov 08 14:39:27 MST 2024
# Start of session at: Thu Apr 30 07:23:45 2026
# Process ID         : 20052
# Current directory  : C:/Users/C28Noah.Marino/Documents/ECE/ece281-lab5
# Command line       : vivado.exe -gui_launcher_event rodinguilauncherevent40432 C:\Users\C28Noah.Marino\Documents\ECE\ece281-lab5\basic_cpu.xpr
# Log file           : C:/Users/C28Noah.Marino/Documents/ECE/ece281-lab5/vivado.log
# Journal file       : C:/Users/C28Noah.Marino/Documents/ECE/ece281-lab5\vivado.jou
# Running On         : C28-2TK416017C
# Platform           : Windows Server 2016 or Windows 10
# Operating System   : 22631
# Processor Detail   : AMD Ryzen 7 PRO 7840U w/ Radeon 780M Graphics  
# CPU Frequency      : 3294 MHz
# CPU Physical cores : 8
# CPU Logical cores  : 16
# Host memory        : 33585 MB
# Swap memory        : 5100 MB
# Total Virtual      : 38685 MB
# Available Virtual  : 16265 MB
#-----------------------------------------------------------
start_gui
open_project C:/Users/C28Noah.Marino/Documents/ECE/ece281-lab5/basic_cpu.xpr
INFO: [filemgmt 56-3] Default IP Output Path : Could not find the directory 'C:/Users/C28Noah.Marino/Documents/ECE/ece281-lab5/basic_cpu.gen/sources_1'.
Scanning sources...
Finished scanning sources
INFO: [IP_Flow 19-234] Refreshing IP repositories
INFO: [IP_Flow 19-1704] No user IP repositories specified
INFO: [IP_Flow 19-2313] Loaded Vivado IP repository 'C:/Xilinx/Vivado/2024.2/data/ip'.
open_project: Time (s): cpu = 00:00:02 ; elapsed = 00:00:06 . Memory (MB): peak = 1099.543 ; gain = 44.961
update_compile_order -fileset sources_1
add_files -norecurse C:/Users/C28Noah.Marino/Documents/ECE/ece281-lab4/src/sevenseg_decoder.vhd
WARNING: [filemgmt 56-199] Attempt to get parsing info during refresh. "On-the-fly" syntax checking information may be incorrect. [C:\Users\C28Noah.Marino\Documents\ECE\ece281-lab5\src\top_basys3.vhd:]
WARNING: [filemgmt 56-199] Attempt to get parsing info during refresh. "On-the-fly" syntax checking information may be incorrect. [C:\Users\C28Noah.Marino\Documents\ECE\ece281-lab5\src\button_debounce_tb.vhd:]
WARNING: [filemgmt 56-199] Attempt to get parsing info during refresh. "On-the-fly" syntax checking information may be incorrect. [C:\Users\C28Noah.Marino\Documents\ECE\ece281-lab5\src\top_basys3.vhd:]
WARNING: [filemgmt 56-199] Attempt to get parsing info during refresh. "On-the-fly" syntax checking information may be incorrect. [C:\Users\C28Noah.Marino\Documents\ECE\ece281-lab5\src\top_basys3.vhd:]
ERROR: [Common 17-180] Spawn failed: No error
update_compile_order -fileset sources_1
WARNING: [filemgmt 56-199] Attempt to get parsing info during refresh. "On-the-fly" syntax checking information may be incorrect. [C:\Users\C28Noah.Marino\Documents\ECE\ece281-lab5\src\top_basys3.vhd:]
WARNING: [filemgmt 56-199] Attempt to get parsing info during refresh. "On-the-fly" syntax checking information may be incorrect. [C:\Users\C28Noah.Marino\Documents\ECE\ece281-lab5\src\button_debounce_tb.vhd:]
WARNING: [filemgmt 56-199] Attempt to get parsing info during refresh. "On-the-fly" syntax checking information may be incorrect. [C:\Users\C28Noah.Marino\Documents\ECE\ece281-lab5\src\top_basys3.vhd:]
WARNING: [filemgmt 56-199] Attempt to get parsing info during refresh. "On-the-fly" syntax checking information may be incorrect. [C:\Users\C28Noah.Marino\Documents\ECE\ece281-lab5\src\top_basys3.vhd:]
ERROR: [Common 17-180] Spawn failed: No error
WARNING: [filemgmt 56-199] Attempt to get parsing info during refresh. "On-the-fly" syntax checking information may be incorrect. [C:\Users\C28Noah.Marino\Documents\ECE\ece281-lab5\src\top_basys3.vhd:]
WARNING: [filemgmt 56-199] Attempt to get parsing info during refresh. "On-the-fly" syntax checking information may be incorrect. [C:\Users\C28Noah.Marino\Documents\ECE\ece281-lab5\src\button_debounce.vhd:]
WARNING: [filemgmt 56-199] Attempt to get parsing info during refresh. "On-the-fly" syntax checking information may be incorrect. [C:\Users\C28Noah.Marino\Documents\ECE\ece281-lab5\src\button_debounce.vhd:]
WARNING: [filemgmt 56-199] Attempt to get parsing info during refresh. "On-the-fly" syntax checking information may be incorrect. [C:\Users\C28Noah.Marino\Documents\ECE\ece281-lab5\src\button_debounce.vhd:]
ERROR: [Common 17-180] Spawn failed: No error
update_compile_order -fileset sources_1
WARNING: [filemgmt 56-199] Attempt to get parsing info during refresh. "On-the-fly" syntax checking information may be incorrect. [C:\Users\C28Noah.Marino\Documents\ECE\ece281-lab5\src\top_basys3.vhd:]
WARNING: [filemgmt 56-199] Attempt to get parsing info during refresh. "On-the-fly" syntax checking information may be incorrect. [C:\Users\C28Noah.Marino\Documents\ECE\ece281-lab5\src\button_debounce.vhd:]
WARNING: [filemgmt 56-199] Attempt to get parsing info during refresh. "On-the-fly" syntax checking information may be incorrect. [C:\Users\C28Noah.Marino\Documents\ECE\ece281-lab5\src\button_debounce.vhd:]
WARNING: [filemgmt 56-199] Attempt to get parsing info during refresh. "On-the-fly" syntax checking information may be incorrect. [C:\Users\C28Noah.Marino\Documents\ECE\ece281-lab5\src\button_debounce.vhd:]
ERROR: [Common 17-180] Spawn failed: No error
launch_runs synth_1 -jobs 8
WARNING: [Vivado 12-7122] Auto Incremental Compile:: No reference checkpoint was found in run synth_1. Auto-incremental flow will not be run, the standard flow will be run instead.
[Thu Apr 30 07:44:29 2026] Launched synth_1...
Run output will be captured here: C:/Users/C28Noah.Marino/Documents/ECE/ece281-lab5/basic_cpu.runs/synth_1/runme.log
WARNING: [filemgmt 56-199] Attempt to get parsing info during refresh. "On-the-fly" syntax checking information may be incorrect. [C:\Users\C28Noah.Marino\Documents\ECE\ece281-lab5\src\top_basys3.vhd:]
WARNING: [filemgmt 56-199] Attempt to get parsing info during refresh. "On-the-fly" syntax checking information may be incorrect. [C:\Users\C28Noah.Marino\Documents\ECE\ece281-lab5\src\button_debounce.vhd:]
WARNING: [filemgmt 56-199] Attempt to get parsing info during refresh. "On-the-fly" syntax checking information may be incorrect. [C:\Users\C28Noah.Marino\Documents\ECE\ece281-lab5\src\button_debounce.vhd:]
WARNING: [filemgmt 56-199] Attempt to get parsing info during refresh. "On-the-fly" syntax checking information may be incorrect. [C:\Users\C28Noah.Marino\Documents\ECE\ece281-lab5\src\button_debounce.vhd:]
ERROR: [Common 17-180] Spawn failed: No error
reset_run synth_1
launch_runs synth_1 -jobs 8
WARNING: [Vivado 12-7122] Auto Incremental Compile:: No reference checkpoint was found in run synth_1. Auto-incremental flow will not be run, the standard flow will be run instead.
[Thu Apr 30 07:48:28 2026] Launched synth_1...
Run output will be captured here: C:/Users/C28Noah.Marino/Documents/ECE/ece281-lab5/basic_cpu.runs/synth_1/runme.log
reset_run synth_1
WARNING: [Vivado 12-1017] Problems encountered:
1. Failed to delete one or more files in run directory C:/Users/C28Noah.Marino/Documents/ECE/ece281-lab5/basic_cpu.runs/synth_1

WARNING: [filemgmt 56-199] Attempt to get parsing info during refresh. "On-the-fly" syntax checking information may be incorrect. [C:\Users\C28Noah.Marino\Documents\ECE\ece281-lab5\src\top_basys3.vhd:]
WARNING: [filemgmt 56-199] Attempt to get parsing info during refresh. "On-the-fly" syntax checking information may be incorrect. [C:\Users\C28Noah.Marino\Documents\ECE\ece281-lab5\src\button_debounce.vhd:]
WARNING: [filemgmt 56-199] Attempt to get parsing info during refresh. "On-the-fly" syntax checking information may be incorrect. [C:\Users\C28Noah.Marino\Documents\ECE\ece281-lab5\src\button_debounce.vhd:]
WARNING: [filemgmt 56-199] Attempt to get parsing info during refresh. "On-the-fly" syntax checking information may be incorrect. [C:\Users\C28Noah.Marino\Documents\ECE\ece281-lab5\src\button_debounce.vhd:]
launch_runs synth_1 -jobs 8
ERROR: [Common 17-180] Spawn failed: No error
ERROR: [Vivado 12-4756] Launch of runs aborted due to earlier errors while preparing sub-designs for run execution.
launch_runs synth_1 -jobs 8
WARNING: [Vivado 12-7122] Auto Incremental Compile:: No reference checkpoint was found in run synth_1. Auto-incremental flow will not be run, the standard flow will be run instead.
[Thu Apr 30 07:49:10 2026] Launched synth_1...
Run output will be captured here: C:/Users/C28Noah.Marino/Documents/ECE/ece281-lab5/basic_cpu.runs/synth_1/runme.log
WARNING: [filemgmt 56-199] Attempt to get parsing info during refresh. "On-the-fly" syntax checking information may be incorrect. [C:\Users\C28Noah.Marino\Documents\ECE\ece281-lab5\src\top_basys3.vhd:]
WARNING: [filemgmt 56-199] Attempt to get parsing info during refresh. "On-the-fly" syntax checking information may be incorrect. [C:\Users\C28Noah.Marino\Documents\ECE\ece281-lab5\src\button_debounce.vhd:]
WARNING: [filemgmt 56-199] Attempt to get parsing info during refresh. "On-the-fly" syntax checking information may be incorrect. [C:\Users\C28Noah.Marino\Documents\ECE\ece281-lab5\src\button_debounce.vhd:]
WARNING: [filemgmt 56-199] Attempt to get parsing info during refresh. "On-the-fly" syntax checking information may be incorrect. [C:\Users\C28Noah.Marino\Documents\ECE\ece281-lab5\src\button_debounce.vhd:]
reset_run synth_1
ERROR: [Common 17-180] Spawn failed: No error
launch_runs synth_1 -jobs 8
WARNING: [Vivado 12-7122] Auto Incremental Compile:: No reference checkpoint was found in run synth_1. Auto-incremental flow will not be run, the standard flow will be run instead.
[Thu Apr 30 07:52:18 2026] Launched synth_1...
Run output will be captured here: C:/Users/C28Noah.Marino/Documents/ECE/ece281-lab5/basic_cpu.runs/synth_1/runme.log
launch_runs impl_1 -jobs 8
[Thu Apr 30 07:53:17 2026] Launched impl_1...
Run output will be captured here: C:/Users/C28Noah.Marino/Documents/ECE/ece281-lab5/basic_cpu.runs/impl_1/runme.log
launch_runs impl_1 -to_step write_bitstream -jobs 8
[Thu Apr 30 07:54:55 2026] Launched impl_1...
Run output will be captured here: C:/Users/C28Noah.Marino/Documents/ECE/ece281-lab5/basic_cpu.runs/impl_1/runme.log
open_hw_manager
connect_hw_server -allow_non_jtag
INFO: [Labtools 27-2285] Connecting to hw_server url TCP:localhost:3121
INFO: [Labtools 27-2222] Launching hw_server...
INFO: [Labtools 27-2221] Launch Output:

****** Xilinx hw_server v2024.2
  **** Build date : Oct 29 2024 at 10:25:41
    ** Copyright 1986-2022 Xilinx, Inc. All Rights Reserved.


INFO: [Labtools 27-3415] Connecting to cs_server url TCP:localhost:0
INFO: [Labtools 27-3417] Launching cs_server...
INFO: [Labtools 27-2221] Launch Output:


******** Xilinx cs_server v2024.2.0
  ****** Build date   : Oct 30 2024-12:19:07
    **** Build number : 2024.2.1730312347
      ** Copyright 2017-2022 Xilinx, Inc. All Rights Reserved.
      ** Copyright 2022-2026 Advanced Micro Devices, Inc. All Rights Reserved.



connect_hw_server: Time (s): cpu = 00:00:00 ; elapsed = 00:00:13 . Memory (MB): peak = 1177.602 ; gain = 8.996
open_hw_target
INFO: [Labtoolstcl 44-466] Opening hw_target localhost:3121/xilinx_tcf/Digilent/210183AF2A22A
set_property PROGRAM.FILE {C:/Users/C28Noah.Marino/Documents/ECE/ece281-lab5/basic_cpu.runs/impl_1/top_basys3.bit} [get_hw_devices xc7a35t_0]
current_hw_device [get_hw_devices xc7a35t_0]
refresh_hw_device -update_hw_probes false [lindex [get_hw_devices xc7a35t_0] 0]
INFO: [Labtools 27-1434] Device xc7a35t (JTAG device index = 0) is programmed with a design that has no supported debug core(s) in it.
set_property PROBES.FILE {} [get_hw_devices xc7a35t_0]
set_property FULL_PROBES.FILE {} [get_hw_devices xc7a35t_0]
set_property PROGRAM.FILE {C:/Users/C28Noah.Marino/Documents/ECE/ece281-lab5/basic_cpu.runs/impl_1/top_basys3.bit} [get_hw_devices xc7a35t_0]
program_hw_devices [get_hw_devices xc7a35t_0]
INFO: [Labtools 27-3164] End of startup status: HIGH
refresh_hw_device [lindex [get_hw_devices xc7a35t_0] 0]
INFO: [Labtools 27-1434] Device xc7a35t (JTAG device index = 0) is programmed with a design that has no supported debug core(s) in it.
import_files -norecurse {C:/Users/C28Noah.Marino/Documents/ECE/ece281-ice3/src/ripple_adder.vhd C:/Users/C28Noah.Marino/Documents/ECE/ece281-lab4/src/sevenseg_decoder.vhd}
WARNING: [filemgmt 56-199] Attempt to get parsing info during refresh. "On-the-fly" syntax checking information may be incorrect. [C:\Users\C28Noah.Marino\Documents\ECE\ece281-lab4\src\sevenseg_decoder.vhd:]
WARNING: [filemgmt 56-199] Attempt to get parsing info during refresh. "On-the-fly" syntax checking information may be incorrect. [C:\Users\C28Noah.Marino\Documents\ECE\ece281-lab5\src\top_basys3.vhd:]
WARNING: [filemgmt 56-199] Attempt to get parsing info during refresh. "On-the-fly" syntax checking information may be incorrect. [C:\Users\C28Noah.Marino\Documents\ECE\ece281-lab5\src\button_debounce.vhd:]
WARNING: [filemgmt 56-199] Attempt to get parsing info during refresh. "On-the-fly" syntax checking information may be incorrect. [C:\Users\C28Noah.Marino\Documents\ECE\ece281-lab5\src\button_debounce.vhd:]
WARNING: [filemgmt 56-199] Attempt to get parsing info during refresh. "On-the-fly" syntax checking information may be incorrect. [C:\Users\C28Noah.Marino\Documents\ECE\ece281-lab5\src\button_debounce.vhd:]
ERROR: [Common 17-180] Spawn failed: No error
update_compile_order -fileset sources_1
WARNING: [filemgmt 56-199] Attempt to get parsing info during refresh. "On-the-fly" syntax checking information may be incorrect. [C:\Users\C28Noah.Marino\Documents\ECE\ece281-lab4\src\sevenseg_decoder.vhd:]
WARNING: [filemgmt 56-199] Attempt to get parsing info during refresh. "On-the-fly" syntax checking information may be incorrect. [C:\Users\C28Noah.Marino\Documents\ECE\ece281-lab5\src\top_basys3.vhd:]
WARNING: [filemgmt 56-199] Attempt to get parsing info during refresh. "On-the-fly" syntax checking information may be incorrect. [C:\Users\C28Noah.Marino\Documents\ECE\ece281-lab5\src\button_debounce.vhd:]
WARNING: [filemgmt 56-199] Attempt to get parsing info during refresh. "On-the-fly" syntax checking information may be incorrect. [C:\Users\C28Noah.Marino\Documents\ECE\ece281-lab5\src\button_debounce.vhd:]
WARNING: [filemgmt 56-199] Attempt to get parsing info during refresh. "On-the-fly" syntax checking information may be incorrect. [C:\Users\C28Noah.Marino\Documents\ECE\ece281-lab5\src\button_debounce.vhd:]
ERROR: [Common 17-180] Spawn failed: No error
WARNING: [filemgmt 56-199] Attempt to get parsing info during refresh. "On-the-fly" syntax checking information may be incorrect. [C:\Users\C28Noah.Marino\Documents\ECE\ece281-lab5\src\top_basys3.vhd:]
WARNING: [filemgmt 56-199] Attempt to get parsing info during refresh. "On-the-fly" syntax checking information may be incorrect. [C:\Users\C28Noah.Marino\Documents\ECE\ece281-lab5\basic_cpu.srcs\sources_1\imports\ECE\ece281-ice3\src\ripple_adder.vhd:]
WARNING: [filemgmt 56-199] Attempt to get parsing info during refresh. "On-the-fly" syntax checking information may be incorrect. [C:\Users\C28Noah.Marino\Documents\ECE\ece281-lab5\basic_cpu.srcs\sources_1\imports\ECE\ece281-lab4\src\sevenseg_decoder.vhd:]
WARNING: [filemgmt 56-199] Attempt to get parsing info during refresh. "On-the-fly" syntax checking information may be incorrect. [C:\Users\C28Noah.Marino\Documents\ECE\ece281-lab5\src\button_debounce.vhd:]
WARNING: [filemgmt 56-199] Attempt to get parsing info during refresh. "On-the-fly" syntax checking information may be incorrect. [C:\Users\C28Noah.Marino\Documents\ECE\ece281-lab5\src\button_debounce.vhd:]
WARNING: [filemgmt 56-199] Attempt to get parsing info during refresh. "On-the-fly" syntax checking information may be incorrect. [C:\Users\C28Noah.Marino\Documents\ECE\ece281-lab5\src\button_debounce.vhd:]
WARNING: [filemgmt 56-199] Attempt to get parsing info during refresh. "On-the-fly" syntax checking information may be incorrect. [C:\Users\C28Noah.Marino\Documents\ECE\ece281-lab5\src\top_basys3.vhd:]
WARNING: [filemgmt 56-199] Attempt to get parsing info during refresh. "On-the-fly" syntax checking information may be incorrect. [C:\Users\C28Noah.Marino\Documents\ECE\ece281-lab5\basic_cpu.srcs\sources_1\imports\ECE\ece281-ice3\src\ripple_adder.vhd:]
WARNING: [filemgmt 56-199] Attempt to get parsing info during refresh. "On-the-fly" syntax checking information may be incorrect. [C:\Users\C28Noah.Marino\Documents\ECE\ece281-lab5\basic_cpu.srcs\sources_1\imports\ECE\ece281-lab4\src\sevenseg_decoder.vhd:]
WARNING: [filemgmt 56-199] Attempt to get parsing info during refresh. "On-the-fly" syntax checking information may be incorrect. [C:\Users\C28Noah.Marino\Documents\ECE\ece281-lab5\src\button_debounce.vhd:]
WARNING: [filemgmt 56-199] Attempt to get parsing info during refresh. "On-the-fly" syntax checking information may be incorrect. [C:\Users\C28Noah.Marino\Documents\ECE\ece281-lab5\basic_cpu.srcs\sources_1\imports\ECE\ece281-ice3\src\ripple_adder.vhd:]
WARNING: [filemgmt 56-199] Attempt to get parsing info during refresh. "On-the-fly" syntax checking information may be incorrect. [C:\Users\C28Noah.Marino\Documents\ECE\ece281-lab5\basic_cpu.srcs\sources_1\imports\ECE\ece281-ice3\src\ripple_adder.vhd:]
ERROR: [Common 17-180] Spawn failed: No error
WARNING: [filemgmt 56-199] Attempt to get parsing info during refresh. "On-the-fly" syntax checking information may be incorrect. [C:\Users\C28Noah.Marino\Documents\ECE\ece281-lab5\src\top_basys3.vhd:]
WARNING: [filemgmt 56-199] Attempt to get parsing info during refresh. "On-the-fly" syntax checking information may be incorrect. [C:\Users\C28Noah.Marino\Documents\ECE\ece281-lab5\basic_cpu.srcs\sources_1\imports\ECE\ece281-ice3\src\ripple_adder.vhd:]
WARNING: [filemgmt 56-199] Attempt to get parsing info during refresh. "On-the-fly" syntax checking information may be incorrect. [C:\Users\C28Noah.Marino\Documents\ECE\ece281-lab5\basic_cpu.srcs\sources_1\imports\ECE\ece281-lab4\src\sevenseg_decoder.vhd:]
WARNING: [filemgmt 56-199] Attempt to get parsing info during refresh. "On-the-fly" syntax checking information may be incorrect. [C:\Users\C28Noah.Marino\Documents\ECE\ece281-lab5\src\button_debounce.vhd:]
WARNING: [filemgmt 56-199] Attempt to get parsing info during refresh. "On-the-fly" syntax checking information may be incorrect. [C:\Users\C28Noah.Marino\Documents\ECE\ece281-lab5\src\top_basys3.vhd:]
WARNING: [filemgmt 56-199] Attempt to get parsing info during refresh. "On-the-fly" syntax checking information may be incorrect. [C:\Users\C28Noah.Marino\Documents\ECE\ece281-lab5\src\top_basys3.vhd:]
ERROR: [Common 17-180] Spawn failed: No error
WARNING: [filemgmt 56-199] Attempt to get parsing info during refresh. "On-the-fly" syntax checking information may be incorrect. [C:\Users\C28Noah.Marino\Documents\ECE\ece281-lab5\src\top_basys3.vhd:]
WARNING: [filemgmt 56-199] Attempt to get parsing info during refresh. "On-the-fly" syntax checking information may be incorrect. [C:\Users\C28Noah.Marino\Documents\ECE\ece281-lab5\basic_cpu.srcs\sources_1\imports\ECE\ece281-lab4\src\sevenseg_decoder.vhd:]
WARNING: [filemgmt 56-199] Attempt to get parsing info during refresh. "On-the-fly" syntax checking information may be incorrect. [C:\Users\C28Noah.Marino\Documents\ECE\ece281-lab5\src\button_debounce.vhd:]
WARNING: [filemgmt 56-199] Attempt to get parsing info during refresh. "On-the-fly" syntax checking information may be incorrect. [C:\Users\C28Noah.Marino\Documents\ECE\ece281-lab5\src\button_debounce.vhd:]
WARNING: [filemgmt 56-199] Attempt to get parsing info during refresh. "On-the-fly" syntax checking information may be incorrect. [C:\Users\C28Noah.Marino\Documents\ECE\ece281-lab5\src\button_debounce.vhd:]
WARNING: [filemgmt 56-199] Attempt to get parsing info during refresh. "On-the-fly" syntax checking information may be incorrect. [C:\Users\C28Noah.Marino\Documents\ECE\ece281-lab5\src\top_basys3.vhd:]
WARNING: [filemgmt 56-199] Attempt to get parsing info during refresh. "On-the-fly" syntax checking information may be incorrect. [C:\Users\C28Noah.Marino\Documents\ECE\ece281-lab5\basic_cpu.srcs\sources_1\imports\ECE\ece281-lab4\src\sevenseg_decoder.vhd:]
WARNING: [filemgmt 56-199] Attempt to get parsing info during refresh. "On-the-fly" syntax checking information may be incorrect. [C:\Users\C28Noah.Marino\Documents\ECE\ece281-lab5\src\button_debounce.vhd:]
WARNING: [filemgmt 56-199] Attempt to get parsing info during refresh. "On-the-fly" syntax checking information may be incorrect. [C:\Users\C28Noah.Marino\Documents\ECE\ece281-lab5\basic_cpu.srcs\sources_1\imports\ECE\ece281-lab4\src\sevenseg_decoder.vhd:]
WARNING: [filemgmt 56-199] Attempt to get parsing info during refresh. "On-the-fly" syntax checking information may be incorrect. [C:\Users\C28Noah.Marino\Documents\ECE\ece281-lab5\basic_cpu.srcs\sources_1\imports\ECE\ece281-lab4\src\sevenseg_decoder.vhd:]
exit
INFO: [Common 17-206] Exiting Vivado at Thu Apr 30 08:04:49 2026...
