#-----------------------------------------------------------
# Vivado v2024.2 (64-bit)
# SW Build 5239630 on Fri Nov 08 22:35:27 MST 2024
# IP Build 5239520 on Sun Nov 10 16:12:51 MST 2024
# SharedData Build 5239561 on Fri Nov 08 14:39:27 MST 2024
# Start of session at: Tue Apr 28 07:33:43 2026
# Process ID         : 27192
# Current directory  : C:/Users/C28Noah.Marino/Documents/ECE/ece281-lab5
# Command line       : vivado.exe -gui_launcher_event rodinguilauncherevent28084 C:\Users\C28Noah.Marino\Documents\ECE\ece281-lab5\basic_cpu.xpr
# Log file           : C:/Users/C28Noah.Marino/Documents/ECE/ece281-lab5/vivado.log
# Journal file       : C:/Users/C28Noah.Marino/Documents/ECE/ece281-lab5\vivado.jou
# Running On         : C28-2TK416017C
# Platform           : Windows Server 2016 or Windows 10
# Operating System   : 22631
# Processor Detail   : AMD Ryzen 7 PRO 7840U w/ Radeon 780M Graphics  
# CPU Frequency      : 3294 MHz
# CPU Physical cores : 8
# CPU Logical cores  : 16
# Host memory        : 33585 MB
# Swap memory        : 5100 MB
# Total Virtual      : 38685 MB
# Available Virtual  : 14424 MB
#-----------------------------------------------------------
start_gui
open_project C:/Users/C28Noah.Marino/Documents/ECE/ece281-lab5/basic_cpu.xpr
WARNING: [filemgmt 56-3] Board Part Repository Path: Could not find the directory 'C:/Users/C28Noah.Marino/Documents/AppData/Roaming/Xilinx/Vivado/2024.2/xhub/board_store/xilinx_board_store'.
INFO: [filemgmt 56-3] Default IP Output Path : Could not find the directory 'C:/Users/C28Noah.Marino/Documents/ECE/ece281-lab5/basic_cpu.gen/sources_1'.
WARNING: [filemgmt 56-3] IPUserFilesDir: Could not find the directory 'C:/Users/C28Noah.Marino/Documents/ECE/ece281-lab5/basic_cpu.ip_user_files'.
Scanning sources...
Finished scanning sources
WARNING: [Project 1-509] GeneratedRun file for 'synth_1' not found
INFO: [IP_Flow 19-234] Refreshing IP repositories
INFO: [IP_Flow 19-1704] No user IP repositories specified
INFO: [IP_Flow 19-2313] Loaded Vivado IP repository 'C:/Xilinx/Vivado/2024.2/data/ip'.
open_project: Time (s): cpu = 00:00:02 ; elapsed = 00:00:05 . Memory (MB): peak = 1086.410 ; gain = 27.539
update_compile_order -fileset sources_1
exit
INFO: [Common 17-206] Exiting Vivado at Tue Apr 28 07:44:31 2026...
