#-----------------------------------------------------------
# Vivado v2024.2 (64-bit)
# SW Build 5239630 on Fri Nov 08 22:35:27 MST 2024
# IP Build 5239520 on Sun Nov 10 16:12:51 MST 2024
# SharedData Build 5239561 on Fri Nov 08 14:39:27 MST 2024
# Start of session at: Wed Apr 29 21:08:41 2026
# Process ID         : 47008
# Current directory  : C:/Users/C28Noah.Marino/Documents/ECE/ece281-lab5
# Command line       : vivado.exe -gui_launcher_event rodinguilauncherevent24540 C:\Users\C28Noah.Marino\Documents\ECE\ece281-lab5\basic_cpu.xpr
# Log file           : C:/Users/C28Noah.Marino/Documents/ECE/ece281-lab5/vivado.log
# Journal file       : C:/Users/C28Noah.Marino/Documents/ECE/ece281-lab5\vivado.jou
# Running On         : C28-2TK416017C
# Platform           : Windows Server 2016 or Windows 10
# Operating System   : 22631
# Processor Detail   : AMD Ryzen 7 PRO 7840U w/ Radeon 780M Graphics  
# CPU Frequency      : 3294 MHz
# CPU Physical cores : 8
# CPU Logical cores  : 16
# Host memory        : 33585 MB
# Swap memory        : 5100 MB
# Total Virtual      : 38685 MB
# Available Virtual  : 11038 MB
#-----------------------------------------------------------
start_gui
open_project C:/Users/C28Noah.Marino/Documents/ECE/ece281-lab5/basic_cpu.xpr
INFO: [filemgmt 56-3] Default IP Output Path : Could not find the directory 'C:/Users/C28Noah.Marino/Documents/ECE/ece281-lab5/basic_cpu.gen/sources_1'.
Scanning sources...
Finished scanning sources
INFO: [IP_Flow 19-234] Refreshing IP repositories
INFO: [IP_Flow 19-1704] No user IP repositories specified
INFO: [IP_Flow 19-2313] Loaded Vivado IP repository 'C:/Xilinx/Vivado/2024.2/data/ip'.
update_compile_order -fileset sources_1
add_files -norecurse {C:/Users/C28Noah.Marino/Documents/ECE/ece281-lab5/src/button_debounce_tb.vhd C:/Users/C28Noah.Marino/Documents/ECE/ece281-lab5/src/counter.vhd C:/Users/C28Noah.Marino/Documents/ECE/ece281-lab5/src/button_debounce.vhd}
update_compile_order -fileset sources_1
file mkdir C:/Users/C28Noah.Marino/Documents/ECE/ece281-lab5/basic_cpu.srcs/sources_1/new
close [ open C:/Users/C28Noah.Marino/Documents/ECE/ece281-lab5/basic_cpu.srcs/sources_1/new/reg.vhd w ]
add_files C:/Users/C28Noah.Marino/Documents/ECE/ece281-lab5/basic_cpu.srcs/sources_1/new/reg.vhd
WARNING: [filemgmt 56-199] Attempt to get parsing info during refresh. "On-the-fly" syntax checking information may be incorrect. [C:\Users\C28Noah.Marino\Documents\ECE\ece281-lab5\src\top_basys3.vhd:]
WARNING: [filemgmt 56-199] Attempt to get parsing info during refresh. "On-the-fly" syntax checking information may be incorrect. [C:\Users\C28Noah.Marino\Documents\ECE\ece281-lab5\src\button_debounce.vhd:]
WARNING: [filemgmt 56-199] Attempt to get parsing info during refresh. "On-the-fly" syntax checking information may be incorrect. [C:\Users\C28Noah.Marino\Documents\ECE\ece281-lab5\src\button_debounce.vhd:]
WARNING: [filemgmt 56-199] Attempt to get parsing info during refresh. "On-the-fly" syntax checking information may be incorrect. [C:\Users\C28Noah.Marino\Documents\ECE\ece281-lab5\src\button_debounce.vhd:]
ERROR: [Common 17-180] Spawn failed: No error
WARNING: [filemgmt 56-199] Attempt to get parsing info during refresh. "On-the-fly" syntax checking information may be incorrect. [C:\Users\C28Noah.Marino\Documents\ECE\ece281-lab5\src\top_basys3.vhd:]
WARNING: [filemgmt 56-199] Attempt to get parsing info during refresh. "On-the-fly" syntax checking information may be incorrect. [C:\Users\C28Noah.Marino\Documents\ECE\ece281-lab5\src\button_debounce.vhd:]
WARNING: [filemgmt 56-199] Attempt to get parsing info during refresh. "On-the-fly" syntax checking information may be incorrect. [C:\Users\C28Noah.Marino\Documents\ECE\ece281-lab5\src\button_debounce.vhd:]
WARNING: [filemgmt 56-199] Attempt to get parsing info during refresh. "On-the-fly" syntax checking information may be incorrect. [C:\Users\C28Noah.Marino\Documents\ECE\ece281-lab5\src\button_debounce.vhd:]
ERROR: [Common 17-180] Spawn failed: No error
update_compile_order -fileset sources_1
WARNING: [filemgmt 56-199] Attempt to get parsing info during refresh. "On-the-fly" syntax checking information may be incorrect. [C:\Users\C28Noah.Marino\Documents\ECE\ece281-lab5\src\top_basys3.vhd:]
WARNING: [filemgmt 56-199] Attempt to get parsing info during refresh. "On-the-fly" syntax checking information may be incorrect. [C:\Users\C28Noah.Marino\Documents\ECE\ece281-lab5\src\button_debounce.vhd:]
WARNING: [filemgmt 56-199] Attempt to get parsing info during refresh. "On-the-fly" syntax checking information may be incorrect. [C:\Users\C28Noah.Marino\Documents\ECE\ece281-lab5\src\button_debounce.vhd:]
WARNING: [filemgmt 56-199] Attempt to get parsing info during refresh. "On-the-fly" syntax checking information may be incorrect. [C:\Users\C28Noah.Marino\Documents\ECE\ece281-lab5\src\button_debounce.vhd:]
ERROR: [Common 17-180] Spawn failed: No error
WARNING: [filemgmt 56-199] Attempt to get parsing info during refresh. "On-the-fly" syntax checking information may be incorrect. [C:\Users\C28Noah.Marino\Documents\ECE\ece281-lab5\src\top_basys3.vhd:]
WARNING: [filemgmt 56-199] Attempt to get parsing info during refresh. "On-the-fly" syntax checking information may be incorrect. [C:\Users\C28Noah.Marino\Documents\ECE\ece281-lab5\src\ALU.vhd:]
WARNING: [filemgmt 56-199] Attempt to get parsing info during refresh. "On-the-fly" syntax checking information may be incorrect. [C:\Users\C28Noah.Marino\Documents\ECE\ece281-lab5\src\button_debounce.vhd:]
WARNING: [filemgmt 56-199] Attempt to get parsing info during refresh. "On-the-fly" syntax checking information may be incorrect. [C:\Users\C28Noah.Marino\Documents\ECE\ece281-lab5\basic_cpu.srcs\sources_1\new\reg.vhd:]
WARNING: [filemgmt 56-199] Attempt to get parsing info during refresh. "On-the-fly" syntax checking information may be incorrect. [C:\Users\C28Noah.Marino\Documents\ECE\ece281-lab5\basic_cpu.srcs\sources_1\new\reg.vhd:]
WARNING: [filemgmt 56-199] Attempt to get parsing info during refresh. "On-the-fly" syntax checking information may be incorrect. [C:\Users\C28Noah.Marino\Documents\ECE\ece281-lab5\basic_cpu.srcs\sources_1\new\reg.vhd:]
WARNING: [filemgmt 56-199] Attempt to get parsing info during refresh. "On-the-fly" syntax checking information may be incorrect. [C:\Users\C28Noah.Marino\Documents\ECE\ece281-lab5\src\top_basys3.vhd:]
WARNING: [filemgmt 56-199] Attempt to get parsing info during refresh. "On-the-fly" syntax checking information may be incorrect. [C:\Users\C28Noah.Marino\Documents\ECE\ece281-lab5\src\ALU.vhd:]
WARNING: [filemgmt 56-199] Attempt to get parsing info during refresh. "On-the-fly" syntax checking information may be incorrect. [C:\Users\C28Noah.Marino\Documents\ECE\ece281-lab5\src\button_debounce.vhd:]
WARNING: [filemgmt 56-199] Attempt to get parsing info during refresh. "On-the-fly" syntax checking information may be incorrect. [C:\Users\C28Noah.Marino\Documents\ECE\ece281-lab5\basic_cpu.srcs\sources_1\new\reg.vhd:]
WARNING: [filemgmt 56-199] Attempt to get parsing info during refresh. "On-the-fly" syntax checking information may be incorrect. [C:\Users\C28Noah.Marino\Documents\ECE\ece281-lab5\src\button_debounce.vhd:]
WARNING: [filemgmt 56-199] Attempt to get parsing info during refresh. "On-the-fly" syntax checking information may be incorrect. [C:\Users\C28Noah.Marino\Documents\ECE\ece281-lab5\src\button_debounce.vhd:]
WARNING: [filemgmt 56-199] Attempt to get parsing info during refresh. "On-the-fly" syntax checking information may be incorrect. [C:\Users\C28Noah.Marino\Documents\ECE\ece281-lab5\src\top_basys3.vhd:]
WARNING: [filemgmt 56-199] Attempt to get parsing info during refresh. "On-the-fly" syntax checking information may be incorrect. [C:\Users\C28Noah.Marino\Documents\ECE\ece281-lab5\src\top_basys3.vhd:]
WARNING: [filemgmt 56-199] Attempt to get parsing info during refresh. "On-the-fly" syntax checking information may be incorrect. [C:\Users\C28Noah.Marino\Documents\ECE\ece281-lab5\src\ALU.vhd:]
WARNING: [filemgmt 56-199] Attempt to get parsing info during refresh. "On-the-fly" syntax checking information may be incorrect. [C:\Users\C28Noah.Marino\Documents\ECE\ece281-lab5\src\twoscomp_decimal.vhd:]
WARNING: [filemgmt 56-199] Attempt to get parsing info during refresh. "On-the-fly" syntax checking information may be incorrect. [C:\Users\C28Noah.Marino\Documents\ECE\ece281-lab5\src\button_debounce.vhd:]
WARNING: [filemgmt 56-199] Attempt to get parsing info during refresh. "On-the-fly" syntax checking information may be incorrect. [C:\Users\C28Noah.Marino\Documents\ECE\ece281-lab5\src\ALU.vhd:]
WARNING: [filemgmt 56-199] Attempt to get parsing info during refresh. "On-the-fly" syntax checking information may be incorrect. [C:\Users\C28Noah.Marino\Documents\ECE\ece281-lab5\src\ALU.vhd:]
WARNING: [filemgmt 56-199] Attempt to get parsing info during refresh. "On-the-fly" syntax checking information may be incorrect. [C:\Users\C28Noah.Marino\Documents\ECE\ece281-lab5\src\top_basys3.vhd:]
WARNING: [filemgmt 56-199] Attempt to get parsing info during refresh. "On-the-fly" syntax checking information may be incorrect. [C:\Users\C28Noah.Marino\Documents\ECE\ece281-lab5\src\ALU.vhd:]
WARNING: [filemgmt 56-199] Attempt to get parsing info during refresh. "On-the-fly" syntax checking information may be incorrect. [C:\Users\C28Noah.Marino\Documents\ECE\ece281-lab5\src\twoscomp_decimal.vhd:]
WARNING: [filemgmt 56-199] Attempt to get parsing info during refresh. "On-the-fly" syntax checking information may be incorrect. [C:\Users\C28Noah.Marino\Documents\ECE\ece281-lab5\src\button_debounce.vhd:]
WARNING: [filemgmt 56-199] Attempt to get parsing info during refresh. "On-the-fly" syntax checking information may be incorrect. [C:\Users\C28Noah.Marino\Documents\ECE\ece281-lab5\src\button_debounce.vhd:]
WARNING: [filemgmt 56-199] Attempt to get parsing info during refresh. "On-the-fly" syntax checking information may be incorrect. [C:\Users\C28Noah.Marino\Documents\ECE\ece281-lab5\src\button_debounce.vhd:]
WARNING: [filemgmt 56-199] Attempt to get parsing info during refresh. "On-the-fly" syntax checking information may be incorrect. [C:\Users\C28Noah.Marino\Documents\ECE\ece281-lab5\src\top_basys3.vhd:]
WARNING: [filemgmt 56-199] Attempt to get parsing info during refresh. "On-the-fly" syntax checking information may be incorrect. [C:\Users\C28Noah.Marino\Documents\ECE\ece281-lab5\src\ALU.vhd:]
WARNING: [filemgmt 56-199] Attempt to get parsing info during refresh. "On-the-fly" syntax checking information may be incorrect. [C:\Users\C28Noah.Marino\Documents\ECE\ece281-lab5\src\twoscomp_decimal.vhd:]
WARNING: [filemgmt 56-199] Attempt to get parsing info during refresh. "On-the-fly" syntax checking information may be incorrect. [C:\Users\C28Noah.Marino\Documents\ECE\ece281-lab5\src\button_debounce.vhd:]
WARNING: [filemgmt 56-199] Attempt to get parsing info during refresh. "On-the-fly" syntax checking information may be incorrect. [C:\Users\C28Noah.Marino\Documents\ECE\ece281-lab5\src\twoscomp_decimal.vhd:]
WARNING: [filemgmt 56-199] Attempt to get parsing info during refresh. "On-the-fly" syntax checking information may be incorrect. [C:\Users\C28Noah.Marino\Documents\ECE\ece281-lab5\src\twoscomp_decimal.vhd:]
ERROR: [Common 17-180] Spawn failed: No error
update_compile_order -fileset sources_1
WARNING: [filemgmt 56-199] Attempt to get parsing info during refresh. "On-the-fly" syntax checking information may be incorrect. [C:\Users\C28Noah.Marino\Documents\ECE\ece281-lab5\src\top_basys3.vhd:]
WARNING: [filemgmt 56-199] Attempt to get parsing info during refresh. "On-the-fly" syntax checking information may be incorrect. [C:\Users\C28Noah.Marino\Documents\ECE\ece281-lab5\src\ALU.vhd:]
WARNING: [filemgmt 56-199] Attempt to get parsing info during refresh. "On-the-fly" syntax checking information may be incorrect. [C:\Users\C28Noah.Marino\Documents\ECE\ece281-lab5\src\twoscomp_decimal.vhd:]
WARNING: [filemgmt 56-199] Attempt to get parsing info during refresh. "On-the-fly" syntax checking information may be incorrect. [C:\Users\C28Noah.Marino\Documents\ECE\ece281-lab5\src\button_debounce.vhd:]
WARNING: [filemgmt 56-199] Attempt to get parsing info during refresh. "On-the-fly" syntax checking information may be incorrect. [C:\Users\C28Noah.Marino\Documents\ECE\ece281-lab5\src\button_debounce.vhd:]
WARNING: [filemgmt 56-199] Attempt to get parsing info during refresh. "On-the-fly" syntax checking information may be incorrect. [C:\Users\C28Noah.Marino\Documents\ECE\ece281-lab5\src\button_debounce.vhd:]
WARNING: [filemgmt 56-199] Attempt to get parsing info during refresh. "On-the-fly" syntax checking information may be incorrect. [C:\Users\C28Noah.Marino\Documents\ECE\ece281-lab5\src\top_basys3.vhd:]
WARNING: [filemgmt 56-199] Attempt to get parsing info during refresh. "On-the-fly" syntax checking information may be incorrect. [C:\Users\C28Noah.Marino\Documents\ECE\ece281-lab5\src\ALU.vhd:]
WARNING: [filemgmt 56-199] Attempt to get parsing info during refresh. "On-the-fly" syntax checking information may be incorrect. [C:\Users\C28Noah.Marino\Documents\ECE\ece281-lab5\src\twoscomp_decimal.vhd:]
WARNING: [filemgmt 56-199] Attempt to get parsing info during refresh. "On-the-fly" syntax checking information may be incorrect. [C:\Users\C28Noah.Marino\Documents\ECE\ece281-lab5\src\button_debounce.vhd:]
WARNING: [filemgmt 56-199] Attempt to get parsing info during refresh. "On-the-fly" syntax checking information may be incorrect. [C:\Users\C28Noah.Marino\Documents\ECE\ece281-lab5\src\twoscomp_decimal.vhd:]
WARNING: [filemgmt 56-199] Attempt to get parsing info during refresh. "On-the-fly" syntax checking information may be incorrect. [C:\Users\C28Noah.Marino\Documents\ECE\ece281-lab5\src\twoscomp_decimal.vhd:]
ERROR: [Common 17-180] Spawn failed: No error
WARNING: [filemgmt 56-199] Attempt to get parsing info during refresh. "On-the-fly" syntax checking information may be incorrect. [C:\Users\C28Noah.Marino\Documents\ECE\ece281-lab5\src\top_basys3.vhd:]
WARNING: [filemgmt 56-199] Attempt to get parsing info during refresh. "On-the-fly" syntax checking information may be incorrect. [C:\Users\C28Noah.Marino\Documents\ECE\ece281-lab5\src\ALU.vhd:]
WARNING: [filemgmt 56-199] Attempt to get parsing info during refresh. "On-the-fly" syntax checking information may be incorrect. [C:\Users\C28Noah.Marino\Documents\ECE\ece281-lab5\src\twoscomp_decimal.vhd:]
WARNING: [filemgmt 56-199] Attempt to get parsing info during refresh. "On-the-fly" syntax checking information may be incorrect. [C:\Users\C28Noah.Marino\Documents\ECE\ece281-lab5\src\button_debounce.vhd:]
WARNING: [filemgmt 56-199] Attempt to get parsing info during refresh. "On-the-fly" syntax checking information may be incorrect. [C:\Users\C28Noah.Marino\Documents\ECE\ece281-lab5\src\top_basys3.vhd:]
WARNING: [filemgmt 56-199] Attempt to get parsing info during refresh. "On-the-fly" syntax checking information may be incorrect. [C:\Users\C28Noah.Marino\Documents\ECE\ece281-lab5\src\top_basys3.vhd:]
ERROR: [Common 17-180] Spawn failed: No error
exit
INFO: [Common 17-206] Exiting Vivado at Wed Apr 29 21:48:09 2026...
