#-----------------------------------------------------------
# Vivado v2024.2 (64-bit)
# SW Build 5239630 on Fri Nov 08 22:35:27 MST 2024
# IP Build 5239520 on Sun Nov 10 16:12:51 MST 2024
# SharedData Build 5239561 on Fri Nov 08 14:39:27 MST 2024
# Start of session at: Thu Apr 30 08:05:56 2026
# Process ID         : 4764
# Current directory  : C:/Users/C28Noah.Marino/Documents/ECE/ece281-lab5
# Command line       : vivado.exe -gui_launcher_event rodinguilauncherevent11088 C:\Users\C28Noah.Marino\Documents\ECE\ece281-lab5\basic_cpu.xpr
# Log file           : C:/Users/C28Noah.Marino/Documents/ECE/ece281-lab5/vivado.log
# Journal file       : C:/Users/C28Noah.Marino/Documents/ECE/ece281-lab5\vivado.jou
# Running On         : C28-2TK416017C
# Platform           : Windows Server 2016 or Windows 10
# Operating System   : 22631
# Processor Detail   : AMD Ryzen 7 PRO 7840U w/ Radeon 780M Graphics  
# CPU Frequency      : 3294 MHz
# CPU Physical cores : 8
# CPU Logical cores  : 16
# Host memory        : 33585 MB
# Swap memory        : 5100 MB
# Total Virtual      : 38685 MB
# Available Virtual  : 14464 MB
#-----------------------------------------------------------
start_gui
open_project C:/Users/C28Noah.Marino/Documents/ECE/ece281-lab5/basic_cpu.xpr
INFO: [filemgmt 56-3] Default IP Output Path : Could not find the directory 'C:/Users/C28Noah.Marino/Documents/ECE/ece281-lab5/basic_cpu.gen/sources_1'.
CRITICAL WARNING: [Project 1-19] Could not find the file 'C:/Users/C28Noah.Marino/Documents/ECE/ece281-lab5/basic_cpu.srcs/sources_1/imports/ECE/ece281-lab4/src/sevenseg_decoder.vhd'.
CRITICAL WARNING: [Project 1-19] Could not find the file 'C:/Users/C28Noah.Marino/Documents/ECE/ece281-lab5/basic_cpu.srcs/sources_1/imports/ECE/ece281-ice3/src/ripple_adder.vhd'.
Scanning sources...
Finished scanning sources
INFO: [IP_Flow 19-234] Refreshing IP repositories
INFO: [IP_Flow 19-1704] No user IP repositories specified
INFO: [IP_Flow 19-2313] Loaded Vivado IP repository 'C:/Xilinx/Vivado/2024.2/data/ip'.
open_project: Time (s): cpu = 00:00:04 ; elapsed = 00:00:05 . Memory (MB): peak = 1132.910 ; gain = 76.367
update_compile_order -fileset sources_1
export_ip_user_files -of_objects  [get_files C:/Users/C28Noah.Marino/Documents/ECE/ece281-lab5/basic_cpu.srcs/sources_1/imports/ECE/ece281-lab4/src/sevenseg_decoder.vhd] -no_script -reset -force -quiet
export_ip_user_files -of_objects  [get_files C:/Users/C28Noah.Marino/Documents/ECE/ece281-lab5/basic_cpu.srcs/sources_1/imports/ECE/ece281-ice3/src/ripple_adder.vhd] -no_script -reset -force -quiet
remove_files  {C:/Users/C28Noah.Marino/Documents/ECE/ece281-lab5/basic_cpu.srcs/sources_1/imports/ECE/ece281-lab4/src/sevenseg_decoder.vhd C:/Users/C28Noah.Marino/Documents/ECE/ece281-lab5/basic_cpu.srcs/sources_1/imports/ECE/ece281-ice3/src/ripple_adder.vhd}
close [ open C:/Users/C28Noah.Marino/Documents/ECE/ece281-lab5/basic_cpu.srcs/sources_1/new/sevenseg_decoder.vhd w ]
add_files C:/Users/C28Noah.Marino/Documents/ECE/ece281-lab5/basic_cpu.srcs/sources_1/new/sevenseg_decoder.vhd
close [ open C:/Users/C28Noah.Marino/Documents/ECE/ece281-lab5/basic_cpu.srcs/sources_1/new/full_adder.vhd w ]
add_files C:/Users/C28Noah.Marino/Documents/ECE/ece281-lab5/basic_cpu.srcs/sources_1/new/full_adder.vhd
close [ open C:/Users/C28Noah.Marino/Documents/ECE/ece281-lab5/basic_cpu.srcs/sources_1/new/ripple_adder.vhd w ]
add_files C:/Users/C28Noah.Marino/Documents/ECE/ece281-lab5/basic_cpu.srcs/sources_1/new/ripple_adder.vhd
update_compile_order -fileset sources_1
export_ip_user_files -of_objects  [get_files C:/Users/C28Noah.Marino/Documents/ECE/ece281-lab5/basic_cpu.srcs/sources_1/new/full_adder.vhd] -no_script -reset -force -quiet
export_ip_user_files -of_objects  [get_files C:/Users/C28Noah.Marino/Documents/ECE/ece281-lab5/basic_cpu.srcs/sources_1/new/ripple_adder.vhd] -no_script -reset -force -quiet
remove_files  {C:/Users/C28Noah.Marino/Documents/ECE/ece281-lab5/basic_cpu.srcs/sources_1/new/full_adder.vhd C:/Users/C28Noah.Marino/Documents/ECE/ece281-lab5/basic_cpu.srcs/sources_1/new/ripple_adder.vhd}
import_files -norecurse {C:/Users/C28Noah.Marino/Documents/ECE/ece281-ice3/src/full_adder.vhd C:/Users/C28Noah.Marino/Documents/ECE/ece281-ice3/src/ripple_adder.vhd C:/Users/C28Noah.Marino/Documents/ECE/ece281-ice3/src/full_adder_tb.vhd C:/Users/C28Noah.Marino/Documents/ECE/ece281-ice3/src/ripple_adder_tb.vhd}
WARNING: [filemgmt 56-199] Attempt to get parsing info during refresh. "On-the-fly" syntax checking information may be incorrect. [C:\Users\C28Noah.Marino\Documents\ECE\ece281-lab5\src\top_basys3.vhd:]
WARNING: [filemgmt 56-199] Attempt to get parsing info during refresh. "On-the-fly" syntax checking information may be incorrect. [C:\Users\C28Noah.Marino\Documents\ECE\ece281-lab5\basic_cpu.srcs\sources_1\new\full_adder.vhd:]
WARNING: [filemgmt 56-199] Attempt to get parsing info during refresh. "On-the-fly" syntax checking information may be incorrect. [C:\Users\C28Noah.Marino\Documents\ECE\ece281-lab5\src\counter.vhd:]
WARNING: [filemgmt 56-199] Attempt to get parsing info during refresh. "On-the-fly" syntax checking information may be incorrect. [C:\Users\C28Noah.Marino\Documents\ECE\ece281-lab5\src\counter.vhd:]
WARNING: [filemgmt 56-199] Attempt to get parsing info during refresh. "On-the-fly" syntax checking information may be incorrect. [C:\Users\C28Noah.Marino\Documents\ECE\ece281-lab5\src\counter.vhd:]
ERROR: [Common 17-180] Spawn failed: No error
update_compile_order -fileset sources_1
WARNING: [filemgmt 56-199] Attempt to get parsing info during refresh. "On-the-fly" syntax checking information may be incorrect. [C:\Users\C28Noah.Marino\Documents\ECE\ece281-lab5\src\top_basys3.vhd:]
WARNING: [filemgmt 56-199] Attempt to get parsing info during refresh. "On-the-fly" syntax checking information may be incorrect. [C:\Users\C28Noah.Marino\Documents\ECE\ece281-lab5\basic_cpu.srcs\sources_1\new\full_adder.vhd:]
WARNING: [filemgmt 56-199] Attempt to get parsing info during refresh. "On-the-fly" syntax checking information may be incorrect. [C:\Users\C28Noah.Marino\Documents\ECE\ece281-lab5\src\counter.vhd:]
WARNING: [filemgmt 56-199] Attempt to get parsing info during refresh. "On-the-fly" syntax checking information may be incorrect. [C:\Users\C28Noah.Marino\Documents\ECE\ece281-lab5\src\counter.vhd:]
WARNING: [filemgmt 56-199] Attempt to get parsing info during refresh. "On-the-fly" syntax checking information may be incorrect. [C:\Users\C28Noah.Marino\Documents\ECE\ece281-lab5\src\counter.vhd:]
ERROR: [Common 17-180] Spawn failed: No error
WARNING: [filemgmt 56-199] Attempt to get parsing info during refresh. "On-the-fly" syntax checking information may be incorrect. [C:\Users\C28Noah.Marino\Documents\ECE\ece281-lab5\src\top_basys3.vhd:]
WARNING: [filemgmt 56-199] Attempt to get parsing info during refresh. "On-the-fly" syntax checking information may be incorrect. [C:\Users\C28Noah.Marino\Documents\ECE\ece281-lab5\basic_cpu.srcs\sources_1\new\full_adder.vhd:]
WARNING: [filemgmt 56-199] Attempt to get parsing info during refresh. "On-the-fly" syntax checking information may be incorrect. [C:\Users\C28Noah.Marino\Documents\ECE\ece281-lab5\src\counter.vhd:]
WARNING: [filemgmt 56-199] Attempt to get parsing info during refresh. "On-the-fly" syntax checking information may be incorrect. [C:\Users\C28Noah.Marino\Documents\ECE\ece281-lab5\src\top_basys3.vhd:]
WARNING: [filemgmt 56-199] Attempt to get parsing info during refresh. "On-the-fly" syntax checking information may be incorrect. [C:\Users\C28Noah.Marino\Documents\ECE\ece281-lab5\src\top_basys3.vhd:]
import_files -norecurse {C:/Users/C28Noah.Marino/Documents/ECE/ece281-ice3/src/full_adder.vhd C:/Users/C28Noah.Marino/Documents/ECE/ece281-ice3/src/ripple_adder.vhd C:/Users/C28Noah.Marino/Documents/ECE/ece281-lab4/src/sevenseg_decoder.vhd C:/Users/C28Noah.Marino/Documents/ECE/ece281-ice3/src/full_adder_tb.vhd C:/Users/C28Noah.Marino/Documents/ECE/ece281-ice3/src/ripple_adder_tb.vhd}
WARNING: [filemgmt 56-199] Attempt to get parsing info during refresh. "On-the-fly" syntax checking information may be incorrect. [C:\Users\C28Noah.Marino\Documents\ECE\ece281-lab5\src\top_basys3.vhd:]
WARNING: [filemgmt 56-199] Attempt to get parsing info during refresh. "On-the-fly" syntax checking information may be incorrect. [C:\Users\C28Noah.Marino\Documents\ECE\ece281-lab5\basic_cpu.srcs\sources_1\new\full_adder.vhd:]
WARNING: [filemgmt 56-199] Attempt to get parsing info during refresh. "On-the-fly" syntax checking information may be incorrect. [C:\Users\C28Noah.Marino\Documents\ECE\ece281-lab5\src\counter.vhd:]
WARNING: [filemgmt 56-199] Attempt to get parsing info during refresh. "On-the-fly" syntax checking information may be incorrect. [C:\Users\C28Noah.Marino\Documents\ECE\ece281-lab5\src\counter.vhd:]
WARNING: [filemgmt 56-199] Attempt to get parsing info during refresh. "On-the-fly" syntax checking information may be incorrect. [C:\Users\C28Noah.Marino\Documents\ECE\ece281-lab5\src\counter.vhd:]
ERROR: [Common 17-180] Spawn failed: No such file or directory
update_compile_order -fileset sources_1
WARNING: [filemgmt 56-199] Attempt to get parsing info during refresh. "On-the-fly" syntax checking information may be incorrect. [C:\Users\C28Noah.Marino\Documents\ECE\ece281-lab5\src\top_basys3.vhd:]
WARNING: [filemgmt 56-199] Attempt to get parsing info during refresh. "On-the-fly" syntax checking information may be incorrect. [C:\Users\C28Noah.Marino\Documents\ECE\ece281-lab5\basic_cpu.srcs\sources_1\new\full_adder.vhd:]
WARNING: [filemgmt 56-199] Attempt to get parsing info during refresh. "On-the-fly" syntax checking information may be incorrect. [C:\Users\C28Noah.Marino\Documents\ECE\ece281-lab5\src\counter.vhd:]
WARNING: [filemgmt 56-199] Attempt to get parsing info during refresh. "On-the-fly" syntax checking information may be incorrect. [C:\Users\C28Noah.Marino\Documents\ECE\ece281-lab5\src\counter.vhd:]
WARNING: [filemgmt 56-199] Attempt to get parsing info during refresh. "On-the-fly" syntax checking information may be incorrect. [C:\Users\C28Noah.Marino\Documents\ECE\ece281-lab5\src\counter.vhd:]
ERROR: [Common 17-180] Spawn failed: No such file or directory
exit
INFO: [Common 17-206] Exiting Vivado at Thu Apr 30 08:15:53 2026...
