#-----------------------------------------------------------
# Vivado v2024.2 (64-bit)
# SW Build 5239630 on Fri Nov 08 22:35:27 MST 2024
# IP Build 5239520 on Sun Nov 10 16:12:51 MST 2024
# SharedData Build 5239561 on Fri Nov 08 14:39:27 MST 2024
# Start of session at: Thu Apr 30 08:18:22 2026
# Process ID         : 27880
# Current directory  : C:/Users/C28Noah.Marino/Documents/ECE/ece281-lab5
# Command line       : vivado.exe -gui_launcher_event rodinguilauncherevent37072 C:\Users\C28Noah.Marino\Documents\ECE\ece281-lab5\basic_cpu.xpr
# Log file           : C:/Users/C28Noah.Marino/Documents/ECE/ece281-lab5/vivado.log
# Journal file       : C:/Users/C28Noah.Marino/Documents/ECE/ece281-lab5\vivado.jou
# Running On         : C28-2TK416017C
# Platform           : Windows Server 2016 or Windows 10
# Operating System   : 22631
# Processor Detail   : AMD Ryzen 7 PRO 7840U w/ Radeon 780M Graphics  
# CPU Frequency      : 3294 MHz
# CPU Physical cores : 8
# CPU Logical cores  : 16
# Host memory        : 33585 MB
# Swap memory        : 5100 MB
# Total Virtual      : 38685 MB
# Available Virtual  : 13673 MB
#-----------------------------------------------------------
start_gui
open_project C:/Users/C28Noah.Marino/Documents/ECE/ece281-lab5/basic_cpu.xpr
INFO: [filemgmt 56-3] Default IP Output Path : Could not find the directory 'C:/Users/C28Noah.Marino/Documents/ECE/ece281-lab5/basic_cpu.gen/sources_1'.
WARNING: [filemgmt 56-3] IPUserFilesDir: Could not find the directory 'C:/Users/C28Noah.Marino/Documents/ECE/ece281-lab5/basic_cpu.ip_user_files'.
CRITICAL WARNING: [Project 1-19] Could not find the file 'C:/Users/C28Noah.Marino/Documents/ECE/ece281-lab5/basic_cpu.srcs/sources_1/imports/src/full_adder.vhd'.
CRITICAL WARNING: [Project 1-19] Could not find the file 'C:/Users/C28Noah.Marino/Documents/ECE/ece281-lab5/basic_cpu.srcs/sources_1/new/reg.vhd'.
CRITICAL WARNING: [Project 1-19] Could not find the file 'C:/Users/C28Noah.Marino/Documents/ECE/ece281-lab5/basic_cpu.srcs/sources_1/new/sevenseg_decoder.vhd'.
CRITICAL WARNING: [Project 1-19] Could not find the file 'C:/Users/C28Noah.Marino/Documents/ECE/ece281-lab5/basic_cpu.srcs/sources_1/imports/src/ripple_adder.vhd'.
CRITICAL WARNING: [Project 1-19] Could not find the file 'C:/Users/C28Noah.Marino/Documents/ECE/ece281-lab5/basic_cpu.srcs/sources_1/imports/src/full_adder_tb.vhd'.
CRITICAL WARNING: [Project 1-19] Could not find the file 'C:/Users/C28Noah.Marino/Documents/ECE/ece281-lab5/basic_cpu.srcs/sources_1/imports/src/ripple_adder_tb.vhd'.
Scanning sources...
Finished scanning sources
INFO: [IP_Flow 19-234] Refreshing IP repositories
INFO: [IP_Flow 19-1704] No user IP repositories specified
INFO: [IP_Flow 19-2313] Loaded Vivado IP repository 'C:/Xilinx/Vivado/2024.2/data/ip'.
open_project: Time (s): cpu = 00:00:04 ; elapsed = 00:00:05 . Memory (MB): peak = 1140.926 ; gain = 82.684
update_compile_order -fileset sources_1
import_files -norecurse C:/Users/C28Noah.Marino/Documents/ECE/ece281-lab4/src/sevenseg_decoder.vhd
update_compile_order -fileset sources_1
WARNING: [filemgmt 56-199] Attempt to get parsing info during refresh. "On-the-fly" syntax checking information may be incorrect. [C:\Users\C28Noah.Marino\Documents\ECE\ece281-lab5\basic_cpu.srcs\sources_1\imports\ECE\ece281-ice3\src\ripple_adder.vhd:]
WARNING: [filemgmt 56-199] Attempt to get parsing info during refresh. "On-the-fly" syntax checking information may be incorrect. [C:\Users\C28Noah.Marino\Documents\ECE\ece281-lab5\basic_cpu.srcs\sources_1\imports\src\sevenseg_decoder.vhd:]
WARNING: [filemgmt 56-199] Attempt to get parsing info during refresh. "On-the-fly" syntax checking information may be incorrect. [C:\Users\C28Noah.Marino\Downloads\full_adder.vhd:]
WARNING: [filemgmt 56-199] Attempt to get parsing info during refresh. "On-the-fly" syntax checking information may be incorrect. [C:\Users\C28Noah.Marino\Documents\ECE\ece281-lab5\basic_cpu.srcs\sources_1\imports\src\sevenseg_decoder.vhd:]
WARNING: [filemgmt 56-199] Attempt to get parsing info during refresh. "On-the-fly" syntax checking information may be incorrect. [C:\Users\C28Noah.Marino\Documents\ECE\ece281-lab5\basic_cpu.srcs\sources_1\imports\src\sevenseg_decoder.vhd:]
WARNING: [filemgmt 56-199] Attempt to get parsing info during refresh. "On-the-fly" syntax checking information may be incorrect. [C:\Users\C28Noah.Marino\Documents\ECE\ece281-lab5\basic_cpu.srcs\sources_1\imports\ECE\ece281-ice3\src\ripple_adder.vhd:]
WARNING: [filemgmt 56-199] Attempt to get parsing info during refresh. "On-the-fly" syntax checking information may be incorrect. [C:\Users\C28Noah.Marino\Documents\ECE\ece281-lab5\basic_cpu.srcs\sources_1\imports\src\sevenseg_decoder.vhd:]
WARNING: [filemgmt 56-199] Attempt to get parsing info during refresh. "On-the-fly" syntax checking information may be incorrect. [C:\Users\C28Noah.Marino\Downloads\full_adder.vhd:]
WARNING: [filemgmt 56-199] Attempt to get parsing info during refresh. "On-the-fly" syntax checking information may be incorrect. [C:\Users\C28Noah.Marino\Downloads\full_adder.vhd:]
WARNING: [filemgmt 56-199] Attempt to get parsing info during refresh. "On-the-fly" syntax checking information may be incorrect. [C:\Users\C28Noah.Marino\Downloads\full_adder.vhd:]
update_compile_order -fileset sources_1
WARNING: [filemgmt 56-199] Attempt to get parsing info during refresh. "On-the-fly" syntax checking information may be incorrect. [C:\Users\C28Noah.Marino\Documents\ECE\ece281-lab5\basic_cpu.srcs\sources_1\imports\ECE\ece281-ice3\src\ripple_adder.vhd:]
WARNING: [filemgmt 56-199] Attempt to get parsing info during refresh. "On-the-fly" syntax checking information may be incorrect. [C:\Users\C28Noah.Marino\Documents\ECE\ece281-lab5\basic_cpu.srcs\sources_1\imports\src\sevenseg_decoder.vhd:]
WARNING: [filemgmt 56-199] Attempt to get parsing info during refresh. "On-the-fly" syntax checking information may be incorrect. [C:\Users\C28Noah.Marino\Downloads\full_adder.vhd:]
WARNING: [filemgmt 56-199] Attempt to get parsing info during refresh. "On-the-fly" syntax checking information may be incorrect. [C:\Users\C28Noah.Marino\Documents\ECE\ece281-lab5\basic_cpu.srcs\sources_1\imports\src\sevenseg_decoder.vhd:]
WARNING: [filemgmt 56-199] Attempt to get parsing info during refresh. "On-the-fly" syntax checking information may be incorrect. [C:\Users\C28Noah.Marino\Documents\ECE\ece281-lab5\basic_cpu.srcs\sources_1\imports\src\sevenseg_decoder.vhd:]
WARNING: [filemgmt 56-199] Attempt to get parsing info during refresh. "On-the-fly" syntax checking information may be incorrect. [C:\Users\C28Noah.Marino\Documents\ECE\ece281-lab5\basic_cpu.srcs\sources_1\imports\ECE\ece281-ice3\src\ripple_adder.vhd:]
WARNING: [filemgmt 56-199] Attempt to get parsing info during refresh. "On-the-fly" syntax checking information may be incorrect. [C:\Users\C28Noah.Marino\Documents\ECE\ece281-lab5\basic_cpu.srcs\sources_1\imports\src\sevenseg_decoder.vhd:]
WARNING: [filemgmt 56-199] Attempt to get parsing info during refresh. "On-the-fly" syntax checking information may be incorrect. [C:\Users\C28Noah.Marino\Downloads\full_adder.vhd:]
WARNING: [filemgmt 56-199] Attempt to get parsing info during refresh. "On-the-fly" syntax checking information may be incorrect. [C:\Users\C28Noah.Marino\Downloads\full_adder.vhd:]
WARNING: [filemgmt 56-199] Attempt to get parsing info during refresh. "On-the-fly" syntax checking information may be incorrect. [C:\Users\C28Noah.Marino\Downloads\full_adder.vhd:]
export_ip_user_files -of_objects  [get_files C:/Users/C28Noah.Marino/Documents/ECE/ece281-lab5/basic_cpu.srcs/sources_1/imports/ECE/ece281-lab4/src/sevenseg_decoder.vhd] -no_script -reset -force -quiet
remove_files  C:/Users/C28Noah.Marino/Documents/ECE/ece281-lab5/basic_cpu.srcs/sources_1/imports/ECE/ece281-lab4/src/sevenseg_decoder.vhd
WARNING: [filemgmt 56-199] Attempt to get parsing info during refresh. "On-the-fly" syntax checking information may be incorrect. [C:\Users\C28Noah.Marino\Documents\ECE\ece281-lab5\basic_cpu.srcs\sources_1\imports\ECE\ece281-ice3\src\ripple_adder.vhd:]
WARNING: [filemgmt 56-199] Attempt to get parsing info during refresh. "On-the-fly" syntax checking information may be incorrect. [C:\Users\C28Noah.Marino\Documents\ECE\ece281-lab5\basic_cpu.srcs\sources_1\imports\src\sevenseg_decoder.vhd:]
WARNING: [filemgmt 56-199] Attempt to get parsing info during refresh. "On-the-fly" syntax checking information may be incorrect. [C:\Users\C28Noah.Marino\Documents\ECE\ece281-lab5\basic_cpu.srcs\sources_1\imports\ECE\ece281-lab4\src\sevenseg_decoder.vhd:]
WARNING: [filemgmt 56-199] Attempt to get parsing info during refresh. "On-the-fly" syntax checking information may be incorrect. [C:\Users\C28Noah.Marino\Downloads\full_adder.vhd:]
WARNING: [filemgmt 56-199] Attempt to get parsing info during refresh. "On-the-fly" syntax checking information may be incorrect. [C:\Users\C28Noah.Marino\Documents\ECE\ece281-lab5\basic_cpu.srcs\sources_1\imports\src\sevenseg_decoder.vhd:]
WARNING: [filemgmt 56-199] Attempt to get parsing info during refresh. "On-the-fly" syntax checking information may be incorrect. [C:\Users\C28Noah.Marino\Documents\ECE\ece281-lab5\basic_cpu.srcs\sources_1\imports\src\sevenseg_decoder.vhd:]
WARNING: [filemgmt 56-199] Attempt to get parsing info during refresh. "On-the-fly" syntax checking information may be incorrect. [C:\Users\C28Noah.Marino\Documents\ECE\ece281-lab5\basic_cpu.srcs\sources_1\imports\ECE\ece281-ice3\src\ripple_adder.vhd:]
WARNING: [filemgmt 56-199] Attempt to get parsing info during refresh. "On-the-fly" syntax checking information may be incorrect. [C:\Users\C28Noah.Marino\Documents\ECE\ece281-lab5\basic_cpu.srcs\sources_1\imports\src\sevenseg_decoder.vhd:]
WARNING: [filemgmt 56-199] Attempt to get parsing info during refresh. "On-the-fly" syntax checking information may be incorrect. [C:\Users\C28Noah.Marino\Documents\ECE\ece281-lab5\basic_cpu.srcs\sources_1\imports\ECE\ece281-lab4\src\sevenseg_decoder.vhd:]
WARNING: [filemgmt 56-199] Attempt to get parsing info during refresh. "On-the-fly" syntax checking information may be incorrect. [C:\Users\C28Noah.Marino\Downloads\full_adder.vhd:]
WARNING: [filemgmt 56-199] Attempt to get parsing info during refresh. "On-the-fly" syntax checking information may be incorrect. [C:\Users\C28Noah.Marino\Downloads\full_adder.vhd:]
WARNING: [filemgmt 56-199] Attempt to get parsing info during refresh. "On-the-fly" syntax checking information may be incorrect. [C:\Users\C28Noah.Marino\Downloads\full_adder.vhd:]
export_ip_user_files -of_objects  [get_files C:/Users/C28Noah.Marino/Downloads/full_adder.vhd] -no_script -reset -force -quiet
remove_files  C:/Users/C28Noah.Marino/Downloads/full_adder.vhd
WARNING: [filemgmt 56-199] Attempt to get parsing info during refresh. "On-the-fly" syntax checking information may be incorrect. [C:\Users\C28Noah.Marino\Documents\ECE\ece281-lab5\basic_cpu.srcs\sources_1\imports\ECE\ece281-ice3\src\ripple_adder.vhd:]
WARNING: [filemgmt 56-199] Attempt to get parsing info during refresh. "On-the-fly" syntax checking information may be incorrect. [C:\Users\C28Noah.Marino\Documents\ECE\ece281-lab5\basic_cpu.srcs\sources_1\imports\src\sevenseg_decoder.vhd:]
WARNING: [filemgmt 56-199] Attempt to get parsing info during refresh. "On-the-fly" syntax checking information may be incorrect. [C:\Users\C28Noah.Marino\Documents\ECE\ece281-lab5\basic_cpu.srcs\sources_1\imports\ECE\ece281-lab4\src\sevenseg_decoder.vhd:]
WARNING: [filemgmt 56-199] Attempt to get parsing info during refresh. "On-the-fly" syntax checking information may be incorrect. [C:\Users\C28Noah.Marino\Downloads\full_adder.vhd:]
WARNING: [filemgmt 56-199] Attempt to get parsing info during refresh. "On-the-fly" syntax checking information may be incorrect. [C:\Users\C28Noah.Marino\Documents\ECE\ece281-lab5\basic_cpu.srcs\sources_1\imports\src\sevenseg_decoder.vhd:]
WARNING: [filemgmt 56-199] Attempt to get parsing info during refresh. "On-the-fly" syntax checking information may be incorrect. [C:\Users\C28Noah.Marino\Documents\ECE\ece281-lab5\basic_cpu.srcs\sources_1\imports\src\sevenseg_decoder.vhd:]
ERROR: [Common 17-180] Spawn failed: No error
export_ip_user_files -of_objects  [get_files C:/Users/C28Noah.Marino/Documents/ECE/ece281-lab5/basic_cpu.srcs/sources_1/imports/src/ripple_adder.vhd] -no_script -reset -force -quiet
remove_files  C:/Users/C28Noah.Marino/Documents/ECE/ece281-lab5/basic_cpu.srcs/sources_1/imports/src/ripple_adder.vhd
WARNING: [filemgmt 56-199] Attempt to get parsing info during refresh. "On-the-fly" syntax checking information may be incorrect. [C:\Users\C28Noah.Marino\Documents\ECE\ece281-lab5\basic_cpu.srcs\sources_1\imports\src\full_adder.vhd:]
WARNING: [filemgmt 56-199] Attempt to get parsing info during refresh. "On-the-fly" syntax checking information may be incorrect. [C:\Users\C28Noah.Marino\Documents\ECE\ece281-lab5\basic_cpu.srcs\sources_1\imports\ECE\ece281-ice3\src\ripple_adder.vhd:]
WARNING: [filemgmt 56-199] Attempt to get parsing info during refresh. "On-the-fly" syntax checking information may be incorrect. [C:\Users\C28Noah.Marino\Documents\ECE\ece281-lab5\basic_cpu.srcs\sources_1\imports\src\ripple_adder.vhd:]
WARNING: [filemgmt 56-199] Attempt to get parsing info during refresh. "On-the-fly" syntax checking information may be incorrect. [C:\Users\C28Noah.Marino\Documents\ECE\ece281-lab5\basic_cpu.srcs\sources_1\imports\src\sevenseg_decoder.vhd:]
WARNING: [filemgmt 56-199] Attempt to get parsing info during refresh. "On-the-fly" syntax checking information may be incorrect. [C:\Users\C28Noah.Marino\Documents\ECE\ece281-lab5\basic_cpu.srcs\sources_1\imports\ECE\ece281-lab4\src\sevenseg_decoder.vhd:]
WARNING: [filemgmt 56-199] Attempt to get parsing info during refresh. "On-the-fly" syntax checking information may be incorrect. [C:\Users\C28Noah.Marino\Downloads\full_adder.vhd:]
WARNING: [filemgmt 56-199] Attempt to get parsing info during refresh. "On-the-fly" syntax checking information may be incorrect. [C:\Users\C28Noah.Marino\Documents\ECE\ece281-lab5\basic_cpu.srcs\sources_1\imports\ECE\ece281-ice3\src\ripple_adder.vhd:]
WARNING: [filemgmt 56-199] Attempt to get parsing info during refresh. "On-the-fly" syntax checking information may be incorrect. [C:\Users\C28Noah.Marino\Documents\ECE\ece281-lab5\basic_cpu.srcs\sources_1\imports\ECE\ece281-ice3\src\ripple_adder.vhd:]
WARNING: [filemgmt 56-199] Attempt to get parsing info during refresh. "On-the-fly" syntax checking information may be incorrect. [C:\Users\C28Noah.Marino\Documents\ECE\ece281-lab5\basic_cpu.srcs\sources_1\imports\src\full_adder.vhd:]
WARNING: [filemgmt 56-199] Attempt to get parsing info during refresh. "On-the-fly" syntax checking information may be incorrect. [C:\Users\C28Noah.Marino\Documents\ECE\ece281-lab5\basic_cpu.srcs\sources_1\imports\ECE\ece281-ice3\src\ripple_adder.vhd:]
WARNING: [filemgmt 56-199] Attempt to get parsing info during refresh. "On-the-fly" syntax checking information may be incorrect. [C:\Users\C28Noah.Marino\Documents\ECE\ece281-lab5\basic_cpu.srcs\sources_1\imports\src\ripple_adder.vhd:]
WARNING: [filemgmt 56-199] Attempt to get parsing info during refresh. "On-the-fly" syntax checking information may be incorrect. [C:\Users\C28Noah.Marino\Documents\ECE\ece281-lab5\basic_cpu.srcs\sources_1\imports\src\sevenseg_decoder.vhd:]
WARNING: [filemgmt 56-199] Attempt to get parsing info during refresh. "On-the-fly" syntax checking information may be incorrect. [C:\Users\C28Noah.Marino\Documents\ECE\ece281-lab5\basic_cpu.srcs\sources_1\imports\ECE\ece281-lab4\src\sevenseg_decoder.vhd:]
WARNING: [filemgmt 56-199] Attempt to get parsing info during refresh. "On-the-fly" syntax checking information may be incorrect. [C:\Users\C28Noah.Marino\Downloads\full_adder.vhd:]
WARNING: [filemgmt 56-199] Attempt to get parsing info during refresh. "On-the-fly" syntax checking information may be incorrect. [C:\Users\C28Noah.Marino\Documents\ECE\ece281-lab5\basic_cpu.srcs\sources_1\imports\src\sevenseg_decoder.vhd:]
WARNING: [filemgmt 56-199] Attempt to get parsing info during refresh. "On-the-fly" syntax checking information may be incorrect. [C:\Users\C28Noah.Marino\Documents\ECE\ece281-lab5\basic_cpu.srcs\sources_1\imports\src\sevenseg_decoder.vhd:]
export_ip_user_files -of_objects  [get_files C:/Users/C28Noah.Marino/Documents/ECE/ece281-lab5/basic_cpu.srcs/sources_1/imports/ECE/ece281-ice3/src/full_adder_tb.vhd] -no_script -reset -force -quiet
remove_files  C:/Users/C28Noah.Marino/Documents/ECE/ece281-lab5/basic_cpu.srcs/sources_1/imports/ECE/ece281-ice3/src/full_adder_tb.vhd
WARNING: [filemgmt 56-199] Attempt to get parsing info during refresh. "On-the-fly" syntax checking information may be incorrect. [C:\Users\C28Noah.Marino\Documents\ECE\ece281-lab5\basic_cpu.srcs\sources_1\imports\src\full_adder.vhd:]
WARNING: [filemgmt 56-199] Attempt to get parsing info during refresh. "On-the-fly" syntax checking information may be incorrect. [C:\Users\C28Noah.Marino\Documents\ECE\ece281-lab5\basic_cpu.srcs\sources_1\imports\ECE\ece281-ice3\src\ripple_adder.vhd:]
WARNING: [filemgmt 56-199] Attempt to get parsing info during refresh. "On-the-fly" syntax checking information may be incorrect. [C:\Users\C28Noah.Marino\Documents\ECE\ece281-lab5\basic_cpu.srcs\sources_1\imports\src\ripple_adder.vhd:]
WARNING: [filemgmt 56-199] Attempt to get parsing info during refresh. "On-the-fly" syntax checking information may be incorrect. [C:\Users\C28Noah.Marino\Documents\ECE\ece281-lab5\basic_cpu.srcs\sources_1\imports\ECE\ece281-ice3\src\full_adder_tb.vhd:]
WARNING: [filemgmt 56-199] Attempt to get parsing info during refresh. "On-the-fly" syntax checking information may be incorrect. [C:\Users\C28Noah.Marino\Documents\ECE\ece281-lab5\basic_cpu.srcs\sources_1\imports\ECE\ece281-ice3\src\full_adder.vhd:]
WARNING: [filemgmt 56-199] Attempt to get parsing info during refresh. "On-the-fly" syntax checking information may be incorrect. [C:\Users\C28Noah.Marino\Documents\ECE\ece281-lab5\basic_cpu.srcs\sources_1\imports\src\sevenseg_decoder.vhd:]
WARNING: [filemgmt 56-199] Attempt to get parsing info during refresh. "On-the-fly" syntax checking information may be incorrect. [C:\Users\C28Noah.Marino\Documents\ECE\ece281-lab5\basic_cpu.srcs\sources_1\imports\ECE\ece281-lab4\src\sevenseg_decoder.vhd:]
WARNING: [filemgmt 56-199] Attempt to get parsing info during refresh. "On-the-fly" syntax checking information may be incorrect. [C:\Users\C28Noah.Marino\Downloads\full_adder.vhd:]
WARNING: [filemgmt 56-199] Attempt to get parsing info during refresh. "On-the-fly" syntax checking information may be incorrect. [C:\Users\C28Noah.Marino\Documents\ECE\ece281-lab5\basic_cpu.srcs\sources_1\imports\ECE\ece281-ice3\src\ripple_adder.vhd:]
WARNING: [filemgmt 56-199] Attempt to get parsing info during refresh. "On-the-fly" syntax checking information may be incorrect. [C:\Users\C28Noah.Marino\Documents\ECE\ece281-lab5\basic_cpu.srcs\sources_1\imports\ECE\ece281-ice3\src\ripple_adder.vhd:]
WARNING: [filemgmt 56-199] Attempt to get parsing info during refresh. "On-the-fly" syntax checking information may be incorrect. [C:\Users\C28Noah.Marino\Documents\ECE\ece281-lab5\basic_cpu.srcs\sources_1\imports\src\full_adder.vhd:]
WARNING: [filemgmt 56-199] Attempt to get parsing info during refresh. "On-the-fly" syntax checking information may be incorrect. [C:\Users\C28Noah.Marino\Documents\ECE\ece281-lab5\basic_cpu.srcs\sources_1\imports\ECE\ece281-ice3\src\ripple_adder.vhd:]
WARNING: [filemgmt 56-199] Attempt to get parsing info during refresh. "On-the-fly" syntax checking information may be incorrect. [C:\Users\C28Noah.Marino\Documents\ECE\ece281-lab5\basic_cpu.srcs\sources_1\imports\src\ripple_adder.vhd:]
WARNING: [filemgmt 56-199] Attempt to get parsing info during refresh. "On-the-fly" syntax checking information may be incorrect. [C:\Users\C28Noah.Marino\Documents\ECE\ece281-lab5\basic_cpu.srcs\sources_1\imports\ECE\ece281-ice3\src\full_adder_tb.vhd:]
WARNING: [filemgmt 56-199] Attempt to get parsing info during refresh. "On-the-fly" syntax checking information may be incorrect. [C:\Users\C28Noah.Marino\Documents\ECE\ece281-lab5\basic_cpu.srcs\sources_1\imports\ECE\ece281-ice3\src\full_adder.vhd:]
WARNING: [filemgmt 56-199] Attempt to get parsing info during refresh. "On-the-fly" syntax checking information may be incorrect. [C:\Users\C28Noah.Marino\Documents\ECE\ece281-lab5\basic_cpu.srcs\sources_1\imports\src\sevenseg_decoder.vhd:]
WARNING: [filemgmt 56-199] Attempt to get parsing info during refresh. "On-the-fly" syntax checking information may be incorrect. [C:\Users\C28Noah.Marino\Documents\ECE\ece281-lab5\basic_cpu.srcs\sources_1\imports\ECE\ece281-lab4\src\sevenseg_decoder.vhd:]
WARNING: [filemgmt 56-199] Attempt to get parsing info during refresh. "On-the-fly" syntax checking information may be incorrect. [C:\Users\C28Noah.Marino\Downloads\full_adder.vhd:]
WARNING: [filemgmt 56-199] Attempt to get parsing info during refresh. "On-the-fly" syntax checking information may be incorrect. [C:\Users\C28Noah.Marino\Documents\ECE\ece281-lab5\basic_cpu.srcs\sources_1\imports\src\full_adder.vhd:]
WARNING: [filemgmt 56-199] Attempt to get parsing info during refresh. "On-the-fly" syntax checking information may be incorrect. [C:\Users\C28Noah.Marino\Documents\ECE\ece281-lab5\basic_cpu.srcs\sources_1\imports\src\full_adder.vhd:]
WARNING: [filemgmt 56-199] Attempt to get parsing info during refresh. "On-the-fly" syntax checking information may be incorrect. [C:\Users\C28Noah.Marino\Documents\ECE\ece281-lab5\basic_cpu.srcs\sources_1\imports\src\full_adder.vhd:]
WARNING: [filemgmt 56-199] Attempt to get parsing info during refresh. "On-the-fly" syntax checking information may be incorrect. [C:\Users\C28Noah.Marino\Documents\ECE\ece281-lab5\basic_cpu.srcs\sources_1\imports\ECE\ece281-ice3\src\ripple_adder.vhd:]
WARNING: [filemgmt 56-199] Attempt to get parsing info during refresh. "On-the-fly" syntax checking information may be incorrect. [C:\Users\C28Noah.Marino\Documents\ECE\ece281-lab5\basic_cpu.srcs\sources_1\imports\src\ripple_adder.vhd:]
WARNING: [filemgmt 56-199] Attempt to get parsing info during refresh. "On-the-fly" syntax checking information may be incorrect. [C:\Users\C28Noah.Marino\Documents\ECE\ece281-lab5\basic_cpu.srcs\sources_1\imports\ECE\ece281-ice3\src\full_adder_tb.vhd:]
WARNING: [filemgmt 56-199] Attempt to get parsing info during refresh. "On-the-fly" syntax checking information may be incorrect. [C:\Users\C28Noah.Marino\Documents\ECE\ece281-lab5\basic_cpu.srcs\sources_1\imports\ECE\ece281-ice3\src\full_adder.vhd:]
WARNING: [filemgmt 56-199] Attempt to get parsing info during refresh. "On-the-fly" syntax checking information may be incorrect. [C:\Users\C28Noah.Marino\Documents\ECE\ece281-lab5\basic_cpu.srcs\sources_1\imports\src\sevenseg_decoder.vhd:]
WARNING: [filemgmt 56-199] Attempt to get parsing info during refresh. "On-the-fly" syntax checking information may be incorrect. [C:\Users\C28Noah.Marino\Documents\ECE\ece281-lab5\basic_cpu.srcs\sources_1\imports\ECE\ece281-lab4\src\sevenseg_decoder.vhd:]
WARNING: [filemgmt 56-199] Attempt to get parsing info during refresh. "On-the-fly" syntax checking information may be incorrect. [C:\Users\C28Noah.Marino\Downloads\full_adder.vhd:]
WARNING: [filemgmt 56-199] Attempt to get parsing info during refresh. "On-the-fly" syntax checking information may be incorrect. [C:\Users\C28Noah.Marino\Documents\ECE\ece281-lab5\basic_cpu.srcs\sources_1\imports\src\sevenseg_decoder.vhd:]
WARNING: [filemgmt 56-199] Attempt to get parsing info during refresh. "On-the-fly" syntax checking information may be incorrect. [C:\Users\C28Noah.Marino\Documents\ECE\ece281-lab5\basic_cpu.srcs\sources_1\imports\src\sevenseg_decoder.vhd:]
WARNING: [filemgmt 56-199] Attempt to get parsing info during refresh. "On-the-fly" syntax checking information may be incorrect. [C:\Users\C28Noah.Marino\Documents\ECE\ece281-lab5\basic_cpu.srcs\sources_1\imports\src\full_adder.vhd:]
WARNING: [filemgmt 56-199] Attempt to get parsing info during refresh. "On-the-fly" syntax checking information may be incorrect. [C:\Users\C28Noah.Marino\Documents\ECE\ece281-lab5\basic_cpu.srcs\sources_1\imports\ECE\ece281-ice3\src\ripple_adder.vhd:]
WARNING: [filemgmt 56-199] Attempt to get parsing info during refresh. "On-the-fly" syntax checking information may be incorrect. [C:\Users\C28Noah.Marino\Documents\ECE\ece281-lab5\basic_cpu.srcs\sources_1\imports\src\ripple_adder.vhd:]
WARNING: [filemgmt 56-199] Attempt to get parsing info during refresh. "On-the-fly" syntax checking information may be incorrect. [C:\Users\C28Noah.Marino\Documents\ECE\ece281-lab5\basic_cpu.srcs\sources_1\imports\ECE\ece281-ice3\src\full_adder_tb.vhd:]
WARNING: [filemgmt 56-199] Attempt to get parsing info during refresh. "On-the-fly" syntax checking information may be incorrect. [C:\Users\C28Noah.Marino\Documents\ECE\ece281-lab5\basic_cpu.srcs\sources_1\imports\ECE\ece281-ice3\src\full_adder.vhd:]
WARNING: [filemgmt 56-199] Attempt to get parsing info during refresh. "On-the-fly" syntax checking information may be incorrect. [C:\Users\C28Noah.Marino\Documents\ECE\ece281-lab5\basic_cpu.srcs\sources_1\imports\src\sevenseg_decoder.vhd:]
WARNING: [filemgmt 56-199] Attempt to get parsing info during refresh. "On-the-fly" syntax checking information may be incorrect. [C:\Users\C28Noah.Marino\Documents\ECE\ece281-lab5\basic_cpu.srcs\sources_1\imports\ECE\ece281-lab4\src\sevenseg_decoder.vhd:]
WARNING: [filemgmt 56-199] Attempt to get parsing info during refresh. "On-the-fly" syntax checking information may be incorrect. [C:\Users\C28Noah.Marino\Downloads\full_adder.vhd:]
WARNING: [filemgmt 56-199] Attempt to get parsing info during refresh. "On-the-fly" syntax checking information may be incorrect. [C:\Users\C28Noah.Marino\Documents\ECE\ece281-lab5\basic_cpu.srcs\sources_1\imports\ECE\ece281-ice3\src\ripple_adder_tb.vhd:]
WARNING: [filemgmt 56-199] Attempt to get parsing info during refresh. "On-the-fly" syntax checking information may be incorrect. [C:\Users\C28Noah.Marino\Downloads\ripple_adder.vhd:]
WARNING: [filemgmt 56-199] Attempt to get parsing info during refresh. "On-the-fly" syntax checking information may be incorrect. [C:\Users\C28Noah.Marino\Documents\ECE\ece281-lab5\basic_cpu.srcs\sources_1\imports\ECE\ece281-ice3\src\ripple_adder.vhd:]
WARNING: [filemgmt 56-199] Attempt to get parsing info during refresh. "On-the-fly" syntax checking information may be incorrect. [C:\Users\C28Noah.Marino\Documents\ECE\ece281-lab5\basic_cpu.srcs\sources_1\imports\ECE\ece281-ice3\src\ripple_adder.vhd:]
WARNING: [filemgmt 56-199] Attempt to get parsing info during refresh. "On-the-fly" syntax checking information may be incorrect. [C:\Users\C28Noah.Marino\Documents\ECE\ece281-lab5\basic_cpu.srcs\sources_1\imports\src\full_adder.vhd:]
WARNING: [filemgmt 56-199] Attempt to get parsing info during refresh. "On-the-fly" syntax checking information may be incorrect. [C:\Users\C28Noah.Marino\Documents\ECE\ece281-lab5\basic_cpu.srcs\sources_1\imports\ECE\ece281-ice3\src\ripple_adder.vhd:]
WARNING: [filemgmt 56-199] Attempt to get parsing info during refresh. "On-the-fly" syntax checking information may be incorrect. [C:\Users\C28Noah.Marino\Documents\ECE\ece281-lab5\basic_cpu.srcs\sources_1\imports\src\ripple_adder.vhd:]
WARNING: [filemgmt 56-199] Attempt to get parsing info during refresh. "On-the-fly" syntax checking information may be incorrect. [C:\Users\C28Noah.Marino\Documents\ECE\ece281-lab5\basic_cpu.srcs\sources_1\imports\ECE\ece281-ice3\src\full_adder_tb.vhd:]
WARNING: [filemgmt 56-199] Attempt to get parsing info during refresh. "On-the-fly" syntax checking information may be incorrect. [C:\Users\C28Noah.Marino\Documents\ECE\ece281-lab5\basic_cpu.srcs\sources_1\imports\ECE\ece281-ice3\src\full_adder.vhd:]
WARNING: [filemgmt 56-199] Attempt to get parsing info during refresh. "On-the-fly" syntax checking information may be incorrect. [C:\Users\C28Noah.Marino\Documents\ECE\ece281-lab5\basic_cpu.srcs\sources_1\imports\src\sevenseg_decoder.vhd:]
WARNING: [filemgmt 56-199] Attempt to get parsing info during refresh. "On-the-fly" syntax checking information may be incorrect. [C:\Users\C28Noah.Marino\Documents\ECE\ece281-lab5\basic_cpu.srcs\sources_1\imports\ECE\ece281-lab4\src\sevenseg_decoder.vhd:]
WARNING: [filemgmt 56-199] Attempt to get parsing info during refresh. "On-the-fly" syntax checking information may be incorrect. [C:\Users\C28Noah.Marino\Downloads\full_adder.vhd:]
WARNING: [filemgmt 56-199] Attempt to get parsing info during refresh. "On-the-fly" syntax checking information may be incorrect. [C:\Users\C28Noah.Marino\Documents\ECE\ece281-lab5\basic_cpu.srcs\sources_1\imports\ECE\ece281-ice3\src\ripple_adder_tb.vhd:]
WARNING: [filemgmt 56-199] Attempt to get parsing info during refresh. "On-the-fly" syntax checking information may be incorrect. [C:\Users\C28Noah.Marino\Downloads\ripple_adder.vhd:]
WARNING: [filemgmt 56-199] Attempt to get parsing info during refresh. "On-the-fly" syntax checking information may be incorrect. [C:\Users\C28Noah.Marino\Documents\ECE\ece281-lab5\basic_cpu.srcs\sources_1\imports\src\sevenseg_decoder.vhd:]
WARNING: [filemgmt 56-199] Attempt to get parsing info during refresh. "On-the-fly" syntax checking information may be incorrect. [C:\Users\C28Noah.Marino\Documents\ECE\ece281-lab5\basic_cpu.srcs\sources_1\imports\src\sevenseg_decoder.vhd:]
WARNING: [filemgmt 56-199] Attempt to get parsing info during refresh. "On-the-fly" syntax checking information may be incorrect. [C:\Users\C28Noah.Marino\Documents\ECE\ece281-lab5\basic_cpu.srcs\sources_1\imports\src\full_adder.vhd:]
WARNING: [filemgmt 56-199] Attempt to get parsing info during refresh. "On-the-fly" syntax checking information may be incorrect. [C:\Users\C28Noah.Marino\Documents\ECE\ece281-lab5\basic_cpu.srcs\sources_1\imports\ECE\ece281-ice3\src\ripple_adder.vhd:]
WARNING: [filemgmt 56-199] Attempt to get parsing info during refresh. "On-the-fly" syntax checking information may be incorrect. [C:\Users\C28Noah.Marino\Documents\ECE\ece281-lab5\basic_cpu.srcs\sources_1\imports\src\ripple_adder.vhd:]
WARNING: [filemgmt 56-199] Attempt to get parsing info during refresh. "On-the-fly" syntax checking information may be incorrect. [C:\Users\C28Noah.Marino\Documents\ECE\ece281-lab5\basic_cpu.srcs\sources_1\imports\ECE\ece281-ice3\src\full_adder_tb.vhd:]
WARNING: [filemgmt 56-199] Attempt to get parsing info during refresh. "On-the-fly" syntax checking information may be incorrect. [C:\Users\C28Noah.Marino\Documents\ECE\ece281-lab5\basic_cpu.srcs\sources_1\imports\ECE\ece281-ice3\src\full_adder.vhd:]
WARNING: [filemgmt 56-199] Attempt to get parsing info during refresh. "On-the-fly" syntax checking information may be incorrect. [C:\Users\C28Noah.Marino\Documents\ECE\ece281-lab5\basic_cpu.srcs\sources_1\imports\src\sevenseg_decoder.vhd:]
WARNING: [filemgmt 56-199] Attempt to get parsing info during refresh. "On-the-fly" syntax checking information may be incorrect. [C:\Users\C28Noah.Marino\Documents\ECE\ece281-lab5\basic_cpu.srcs\sources_1\imports\ECE\ece281-lab4\src\sevenseg_decoder.vhd:]
WARNING: [filemgmt 56-199] Attempt to get parsing info during refresh. "On-the-fly" syntax checking information may be incorrect. [C:\Users\C28Noah.Marino\Downloads\full_adder.vhd:]
WARNING: [filemgmt 56-199] Attempt to get parsing info during refresh. "On-the-fly" syntax checking information may be incorrect. [C:\Users\C28Noah.Marino\Documents\ECE\ece281-lab5\basic_cpu.srcs\sources_1\imports\ECE\ece281-ice3\src\ripple_adder_tb.vhd:]
WARNING: [filemgmt 56-199] Attempt to get parsing info during refresh. "On-the-fly" syntax checking information may be incorrect. [C:\Users\C28Noah.Marino\Downloads\ripple_adder.vhd:]
WARNING: [filemgmt 56-199] Attempt to get parsing info during refresh. "On-the-fly" syntax checking information may be incorrect. [C:\Users\C28Noah.Marino\Documents\ECE\ece281-lab5\basic_cpu.srcs\sources_1\imports\src\full_adder.vhd:]
WARNING: [filemgmt 56-199] Attempt to get parsing info during refresh. "On-the-fly" syntax checking information may be incorrect. [C:\Users\C28Noah.Marino\Documents\ECE\ece281-lab5\basic_cpu.srcs\sources_1\imports\src\full_adder.vhd:]
WARNING: [filemgmt 56-199] Attempt to get parsing info during refresh. "On-the-fly" syntax checking information may be incorrect. [C:\Users\C28Noah.Marino\Documents\ECE\ece281-lab5\basic_cpu.srcs\sources_1\imports\src\full_adder.vhd:]
WARNING: [filemgmt 56-199] Attempt to get parsing info during refresh. "On-the-fly" syntax checking information may be incorrect. [C:\Users\C28Noah.Marino\Documents\ECE\ece281-lab5\basic_cpu.srcs\sources_1\imports\ECE\ece281-ice3\src\ripple_adder.vhd:]
WARNING: [filemgmt 56-199] Attempt to get parsing info during refresh. "On-the-fly" syntax checking information may be incorrect. [C:\Users\C28Noah.Marino\Documents\ECE\ece281-lab5\basic_cpu.srcs\sources_1\imports\src\ripple_adder.vhd:]
WARNING: [filemgmt 56-199] Attempt to get parsing info during refresh. "On-the-fly" syntax checking information may be incorrect. [C:\Users\C28Noah.Marino\Documents\ECE\ece281-lab5\basic_cpu.srcs\sources_1\imports\ECE\ece281-ice3\src\full_adder_tb.vhd:]
WARNING: [filemgmt 56-199] Attempt to get parsing info during refresh. "On-the-fly" syntax checking information may be incorrect. [C:\Users\C28Noah.Marino\Documents\ECE\ece281-lab5\basic_cpu.srcs\sources_1\imports\ECE\ece281-ice3\src\full_adder.vhd:]
WARNING: [filemgmt 56-199] Attempt to get parsing info during refresh. "On-the-fly" syntax checking information may be incorrect. [C:\Users\C28Noah.Marino\Documents\ECE\ece281-lab5\basic_cpu.srcs\sources_1\imports\src\sevenseg_decoder.vhd:]
WARNING: [filemgmt 56-199] Attempt to get parsing info during refresh. "On-the-fly" syntax checking information may be incorrect. [C:\Users\C28Noah.Marino\Documents\ECE\ece281-lab5\basic_cpu.srcs\sources_1\imports\ECE\ece281-lab4\src\sevenseg_decoder.vhd:]
WARNING: [filemgmt 56-199] Attempt to get parsing info during refresh. "On-the-fly" syntax checking information may be incorrect. [C:\Users\C28Noah.Marino\Downloads\full_adder.vhd:]
WARNING: [filemgmt 56-199] Attempt to get parsing info during refresh. "On-the-fly" syntax checking information may be incorrect. [C:\Users\C28Noah.Marino\Documents\ECE\ece281-lab5\basic_cpu.srcs\sources_1\imports\ECE\ece281-ice3\src\ripple_adder_tb.vhd:]
WARNING: [filemgmt 56-199] Attempt to get parsing info during refresh. "On-the-fly" syntax checking information may be incorrect. [C:\Users\C28Noah.Marino\Downloads\ripple_adder.vhd:]
WARNING: [filemgmt 56-199] Attempt to get parsing info during refresh. "On-the-fly" syntax checking information may be incorrect. [C:\Users\C28Noah.Marino\Documents\ECE\ece281-lab5\basic_cpu.srcs\sources_1\imports\ECE\ece281-ice3\src\full_adder.vhd:]
WARNING: [filemgmt 56-199] Attempt to get parsing info during refresh. "On-the-fly" syntax checking information may be incorrect. [C:\Users\C28Noah.Marino\Documents\ECE\ece281-lab5\basic_cpu.srcs\sources_1\imports\ECE\ece281-ice3\src\full_adder.vhd:]
WARNING: [filemgmt 56-199] Attempt to get parsing info during refresh. "On-the-fly" syntax checking information may be incorrect. [C:\Users\C28Noah.Marino\Documents\ECE\ece281-lab5\basic_cpu.srcs\sources_1\imports\src\full_adder.vhd:]
WARNING: [filemgmt 56-199] Attempt to get parsing info during refresh. "On-the-fly" syntax checking information may be incorrect. [C:\Users\C28Noah.Marino\Documents\ECE\ece281-lab5\basic_cpu.srcs\sources_1\imports\ECE\ece281-ice3\src\ripple_adder.vhd:]
WARNING: [filemgmt 56-199] Attempt to get parsing info during refresh. "On-the-fly" syntax checking information may be incorrect. [C:\Users\C28Noah.Marino\Documents\ECE\ece281-lab5\basic_cpu.srcs\sources_1\imports\src\ripple_adder.vhd:]
WARNING: [filemgmt 56-199] Attempt to get parsing info during refresh. "On-the-fly" syntax checking information may be incorrect. [C:\Users\C28Noah.Marino\Documents\ECE\ece281-lab5\basic_cpu.srcs\sources_1\imports\ECE\ece281-ice3\src\full_adder_tb.vhd:]
WARNING: [filemgmt 56-199] Attempt to get parsing info during refresh. "On-the-fly" syntax checking information may be incorrect. [C:\Users\C28Noah.Marino\Documents\ECE\ece281-lab5\basic_cpu.srcs\sources_1\imports\ECE\ece281-ice3\src\full_adder.vhd:]
WARNING: [filemgmt 56-199] Attempt to get parsing info during refresh. "On-the-fly" syntax checking information may be incorrect. [C:\Users\C28Noah.Marino\Documents\ECE\ece281-lab5\basic_cpu.srcs\sources_1\imports\src\sevenseg_decoder.vhd:]
WARNING: [filemgmt 56-199] Attempt to get parsing info during refresh. "On-the-fly" syntax checking information may be incorrect. [C:\Users\C28Noah.Marino\Documents\ECE\ece281-lab5\basic_cpu.srcs\sources_1\imports\ECE\ece281-lab4\src\sevenseg_decoder.vhd:]
WARNING: [filemgmt 56-199] Attempt to get parsing info during refresh. "On-the-fly" syntax checking information may be incorrect. [C:\Users\C28Noah.Marino\Downloads\full_adder.vhd:]
WARNING: [filemgmt 56-199] Attempt to get parsing info during refresh. "On-the-fly" syntax checking information may be incorrect. [C:\Users\C28Noah.Marino\Documents\ECE\ece281-lab5\basic_cpu.srcs\sources_1\imports\ECE\ece281-ice3\src\ripple_adder_tb.vhd:]
WARNING: [filemgmt 56-199] Attempt to get parsing info during refresh. "On-the-fly" syntax checking information may be incorrect. [C:\Users\C28Noah.Marino\Downloads\ripple_adder.vhd:]
WARNING: [filemgmt 56-199] Attempt to get parsing info during refresh. "On-the-fly" syntax checking information may be incorrect. [C:\Users\C28Noah.Marino\Documents\ECE\ece281-lab5\basic_cpu.srcs\sources_1\imports\ECE\ece281-ice3\src\ripple_adder_tb.vhd:]
WARNING: [filemgmt 56-199] Attempt to get parsing info during refresh. "On-the-fly" syntax checking information may be incorrect. [C:\Users\C28Noah.Marino\Documents\ECE\ece281-lab5\basic_cpu.srcs\sources_1\imports\ECE\ece281-ice3\src\ripple_adder_tb.vhd:]
update_compile_order -fileset sources_1
WARNING: [filemgmt 56-199] Attempt to get parsing info during refresh. "On-the-fly" syntax checking information may be incorrect. [C:\Users\C28Noah.Marino\Documents\ECE\ece281-lab5\basic_cpu.srcs\sources_1\imports\src\full_adder.vhd:]
WARNING: [filemgmt 56-199] Attempt to get parsing info during refresh. "On-the-fly" syntax checking information may be incorrect. [C:\Users\C28Noah.Marino\Documents\ECE\ece281-lab5\basic_cpu.srcs\sources_1\imports\ECE\ece281-ice3\src\ripple_adder.vhd:]
WARNING: [filemgmt 56-199] Attempt to get parsing info during refresh. "On-the-fly" syntax checking information may be incorrect. [C:\Users\C28Noah.Marino\Documents\ECE\ece281-lab5\basic_cpu.srcs\sources_1\imports\src\ripple_adder.vhd:]
WARNING: [filemgmt 56-199] Attempt to get parsing info during refresh. "On-the-fly" syntax checking information may be incorrect. [C:\Users\C28Noah.Marino\Documents\ECE\ece281-lab5\basic_cpu.srcs\sources_1\imports\ECE\ece281-ice3\src\full_adder_tb.vhd:]
WARNING: [filemgmt 56-199] Attempt to get parsing info during refresh. "On-the-fly" syntax checking information may be incorrect. [C:\Users\C28Noah.Marino\Documents\ECE\ece281-lab5\basic_cpu.srcs\sources_1\imports\ECE\ece281-ice3\src\full_adder.vhd:]
WARNING: [filemgmt 56-199] Attempt to get parsing info during refresh. "On-the-fly" syntax checking information may be incorrect. [C:\Users\C28Noah.Marino\Documents\ECE\ece281-lab5\basic_cpu.srcs\sources_1\imports\src\sevenseg_decoder.vhd:]
WARNING: [filemgmt 56-199] Attempt to get parsing info during refresh. "On-the-fly" syntax checking information may be incorrect. [C:\Users\C28Noah.Marino\Documents\ECE\ece281-lab5\basic_cpu.srcs\sources_1\imports\ECE\ece281-lab4\src\sevenseg_decoder.vhd:]
WARNING: [filemgmt 56-199] Attempt to get parsing info during refresh. "On-the-fly" syntax checking information may be incorrect. [C:\Users\C28Noah.Marino\Downloads\full_adder.vhd:]
WARNING: [filemgmt 56-199] Attempt to get parsing info during refresh. "On-the-fly" syntax checking information may be incorrect. [C:\Users\C28Noah.Marino\Documents\ECE\ece281-lab5\basic_cpu.srcs\sources_1\imports\ECE\ece281-ice3\src\ripple_adder_tb.vhd:]
WARNING: [filemgmt 56-199] Attempt to get parsing info during refresh. "On-the-fly" syntax checking information may be incorrect. [C:\Users\C28Noah.Marino\Downloads\ripple_adder.vhd:]
WARNING: [filemgmt 56-199] Attempt to get parsing info during refresh. "On-the-fly" syntax checking information may be incorrect. [C:\Users\C28Noah.Marino\Documents\ECE\ece281-lab5\basic_cpu.srcs\sources_1\imports\ECE\ece281-ice3\src\ripple_adder.vhd:]
WARNING: [filemgmt 56-199] Attempt to get parsing info during refresh. "On-the-fly" syntax checking information may be incorrect. [C:\Users\C28Noah.Marino\Documents\ECE\ece281-lab5\basic_cpu.srcs\sources_1\imports\ECE\ece281-ice3\src\ripple_adder.vhd:]
WARNING: [filemgmt 56-199] Attempt to get parsing info during refresh. "On-the-fly" syntax checking information may be incorrect. [C:\Users\C28Noah.Marino\Documents\ECE\ece281-lab5\basic_cpu.srcs\sources_1\imports\src\full_adder.vhd:]
WARNING: [filemgmt 56-199] Attempt to get parsing info during refresh. "On-the-fly" syntax checking information may be incorrect. [C:\Users\C28Noah.Marino\Documents\ECE\ece281-lab5\basic_cpu.srcs\sources_1\imports\ECE\ece281-ice3\src\ripple_adder.vhd:]
WARNING: [filemgmt 56-199] Attempt to get parsing info during refresh. "On-the-fly" syntax checking information may be incorrect. [C:\Users\C28Noah.Marino\Documents\ECE\ece281-lab5\basic_cpu.srcs\sources_1\imports\src\ripple_adder.vhd:]
WARNING: [filemgmt 56-199] Attempt to get parsing info during refresh. "On-the-fly" syntax checking information may be incorrect. [C:\Users\C28Noah.Marino\Documents\ECE\ece281-lab5\basic_cpu.srcs\sources_1\imports\ECE\ece281-ice3\src\full_adder_tb.vhd:]
WARNING: [filemgmt 56-199] Attempt to get parsing info during refresh. "On-the-fly" syntax checking information may be incorrect. [C:\Users\C28Noah.Marino\Documents\ECE\ece281-lab5\basic_cpu.srcs\sources_1\imports\ECE\ece281-ice3\src\full_adder.vhd:]
WARNING: [filemgmt 56-199] Attempt to get parsing info during refresh. "On-the-fly" syntax checking information may be incorrect. [C:\Users\C28Noah.Marino\Documents\ECE\ece281-lab5\basic_cpu.srcs\sources_1\imports\src\sevenseg_decoder.vhd:]
WARNING: [filemgmt 56-199] Attempt to get parsing info during refresh. "On-the-fly" syntax checking information may be incorrect. [C:\Users\C28Noah.Marino\Documents\ECE\ece281-lab5\basic_cpu.srcs\sources_1\imports\ECE\ece281-lab4\src\sevenseg_decoder.vhd:]
WARNING: [filemgmt 56-199] Attempt to get parsing info during refresh. "On-the-fly" syntax checking information may be incorrect. [C:\Users\C28Noah.Marino\Downloads\full_adder.vhd:]
WARNING: [filemgmt 56-199] Attempt to get parsing info during refresh. "On-the-fly" syntax checking information may be incorrect. [C:\Users\C28Noah.Marino\Documents\ECE\ece281-lab5\basic_cpu.srcs\sources_1\imports\ECE\ece281-ice3\src\ripple_adder_tb.vhd:]
WARNING: [filemgmt 56-199] Attempt to get parsing info during refresh. "On-the-fly" syntax checking information may be incorrect. [C:\Users\C28Noah.Marino\Downloads\ripple_adder.vhd:]
WARNING: [filemgmt 56-199] Attempt to get parsing info during refresh. "On-the-fly" syntax checking information may be incorrect. [C:\Users\C28Noah.Marino\Documents\ECE\ece281-lab5\basic_cpu.srcs\sources_1\imports\src\sevenseg_decoder.vhd:]
WARNING: [filemgmt 56-199] Attempt to get parsing info during refresh. "On-the-fly" syntax checking information may be incorrect. [C:\Users\C28Noah.Marino\Documents\ECE\ece281-lab5\basic_cpu.srcs\sources_1\imports\src\sevenseg_decoder.vhd:]
WARNING: [filemgmt 56-199] Attempt to get parsing info during refresh. "On-the-fly" syntax checking information may be incorrect. [C:\Users\C28Noah.Marino\Documents\ECE\ece281-lab5\basic_cpu.srcs\sources_1\imports\src\full_adder.vhd:]
WARNING: [filemgmt 56-199] Attempt to get parsing info during refresh. "On-the-fly" syntax checking information may be incorrect. [C:\Users\C28Noah.Marino\Documents\ECE\ece281-lab5\basic_cpu.srcs\sources_1\imports\ECE\ece281-ice3\src\ripple_adder.vhd:]
WARNING: [filemgmt 56-199] Attempt to get parsing info during refresh. "On-the-fly" syntax checking information may be incorrect. [C:\Users\C28Noah.Marino\Documents\ECE\ece281-lab5\basic_cpu.srcs\sources_1\imports\src\ripple_adder.vhd:]
WARNING: [filemgmt 56-199] Attempt to get parsing info during refresh. "On-the-fly" syntax checking information may be incorrect. [C:\Users\C28Noah.Marino\Documents\ECE\ece281-lab5\basic_cpu.srcs\sources_1\imports\ECE\ece281-ice3\src\full_adder_tb.vhd:]
WARNING: [filemgmt 56-199] Attempt to get parsing info during refresh. "On-the-fly" syntax checking information may be incorrect. [C:\Users\C28Noah.Marino\Documents\ECE\ece281-lab5\basic_cpu.srcs\sources_1\imports\ECE\ece281-ice3\src\full_adder.vhd:]
WARNING: [filemgmt 56-199] Attempt to get parsing info during refresh. "On-the-fly" syntax checking information may be incorrect. [C:\Users\C28Noah.Marino\Documents\ECE\ece281-lab5\basic_cpu.srcs\sources_1\imports\src\sevenseg_decoder.vhd:]
WARNING: [filemgmt 56-199] Attempt to get parsing info during refresh. "On-the-fly" syntax checking information may be incorrect. [C:\Users\C28Noah.Marino\Documents\ECE\ece281-lab5\basic_cpu.srcs\sources_1\imports\ECE\ece281-lab4\src\sevenseg_decoder.vhd:]
WARNING: [filemgmt 56-199] Attempt to get parsing info during refresh. "On-the-fly" syntax checking information may be incorrect. [C:\Users\C28Noah.Marino\Downloads\full_adder.vhd:]
WARNING: [filemgmt 56-199] Attempt to get parsing info during refresh. "On-the-fly" syntax checking information may be incorrect. [C:\Users\C28Noah.Marino\Documents\ECE\ece281-lab5\basic_cpu.srcs\sources_1\imports\ECE\ece281-ice3\src\ripple_adder_tb.vhd:]
WARNING: [filemgmt 56-199] Attempt to get parsing info during refresh. "On-the-fly" syntax checking information may be incorrect. [C:\Users\C28Noah.Marino\Downloads\ripple_adder.vhd:]
WARNING: [filemgmt 56-199] Attempt to get parsing info during refresh. "On-the-fly" syntax checking information may be incorrect. [C:\Users\C28Noah.Marino\Documents\ECE\ece281-lab5\basic_cpu.srcs\sources_1\imports\ECE\ece281-ice3\src\full_adder.vhd:]
WARNING: [filemgmt 56-199] Attempt to get parsing info during refresh. "On-the-fly" syntax checking information may be incorrect. [C:\Users\C28Noah.Marino\Documents\ECE\ece281-lab5\basic_cpu.srcs\sources_1\imports\ECE\ece281-ice3\src\full_adder.vhd:]
WARNING: [filemgmt 56-199] Attempt to get parsing info during refresh. "On-the-fly" syntax checking information may be incorrect. [C:\Users\C28Noah.Marino\Documents\ECE\ece281-lab5\basic_cpu.srcs\sources_1\imports\src\full_adder.vhd:]
WARNING: [filemgmt 56-199] Attempt to get parsing info during refresh. "On-the-fly" syntax checking information may be incorrect. [C:\Users\C28Noah.Marino\Documents\ECE\ece281-lab5\basic_cpu.srcs\sources_1\imports\ECE\ece281-ice3\src\ripple_adder.vhd:]
WARNING: [filemgmt 56-199] Attempt to get parsing info during refresh. "On-the-fly" syntax checking information may be incorrect. [C:\Users\C28Noah.Marino\Documents\ECE\ece281-lab5\basic_cpu.srcs\sources_1\imports\src\ripple_adder.vhd:]
WARNING: [filemgmt 56-199] Attempt to get parsing info during refresh. "On-the-fly" syntax checking information may be incorrect. [C:\Users\C28Noah.Marino\Documents\ECE\ece281-lab5\basic_cpu.srcs\sources_1\imports\ECE\ece281-ice3\src\full_adder_tb.vhd:]
WARNING: [filemgmt 56-199] Attempt to get parsing info during refresh. "On-the-fly" syntax checking information may be incorrect. [C:\Users\C28Noah.Marino\Documents\ECE\ece281-lab5\basic_cpu.srcs\sources_1\imports\ECE\ece281-ice3\src\full_adder.vhd:]
WARNING: [filemgmt 56-199] Attempt to get parsing info during refresh. "On-the-fly" syntax checking information may be incorrect. [C:\Users\C28Noah.Marino\Documents\ECE\ece281-lab5\basic_cpu.srcs\sources_1\imports\src\sevenseg_decoder.vhd:]
WARNING: [filemgmt 56-199] Attempt to get parsing info during refresh. "On-the-fly" syntax checking information may be incorrect. [C:\Users\C28Noah.Marino\Documents\ECE\ece281-lab5\basic_cpu.srcs\sources_1\imports\ECE\ece281-lab4\src\sevenseg_decoder.vhd:]
WARNING: [filemgmt 56-199] Attempt to get parsing info during refresh. "On-the-fly" syntax checking information may be incorrect. [C:\Users\C28Noah.Marino\Downloads\full_adder.vhd:]
WARNING: [filemgmt 56-199] Attempt to get parsing info during refresh. "On-the-fly" syntax checking information may be incorrect. [C:\Users\C28Noah.Marino\Documents\ECE\ece281-lab5\basic_cpu.srcs\sources_1\imports\ECE\ece281-ice3\src\ripple_adder_tb.vhd:]
WARNING: [filemgmt 56-199] Attempt to get parsing info during refresh. "On-the-fly" syntax checking information may be incorrect. [C:\Users\C28Noah.Marino\Downloads\ripple_adder.vhd:]
WARNING: [filemgmt 56-199] Attempt to get parsing info during refresh. "On-the-fly" syntax checking information may be incorrect. [C:\Users\C28Noah.Marino\Documents\ECE\ece281-lab5\basic_cpu.srcs\sources_1\imports\ECE\ece281-ice3\src\ripple_adder_tb.vhd:]
WARNING: [filemgmt 56-199] Attempt to get parsing info during refresh. "On-the-fly" syntax checking information may be incorrect. [C:\Users\C28Noah.Marino\Documents\ECE\ece281-lab5\basic_cpu.srcs\sources_1\imports\ECE\ece281-ice3\src\ripple_adder_tb.vhd:]
WARNING: [filemgmt 56-199] Attempt to get parsing info during refresh. "On-the-fly" syntax checking information may be incorrect. [C:\Users\C28Noah.Marino\Documents\ECE\ece281-lab5\basic_cpu.srcs\sources_1\imports\src\full_adder.vhd:]
WARNING: [filemgmt 56-199] Attempt to get parsing info during refresh. "On-the-fly" syntax checking information may be incorrect. [C:\Users\C28Noah.Marino\Documents\ECE\ece281-lab5\basic_cpu.srcs\sources_1\imports\ECE\ece281-ice3\src\ripple_adder.vhd:]
WARNING: [filemgmt 56-199] Attempt to get parsing info during refresh. "On-the-fly" syntax checking information may be incorrect. [C:\Users\C28Noah.Marino\Documents\ECE\ece281-lab5\basic_cpu.srcs\sources_1\imports\src\ripple_adder.vhd:]
WARNING: [filemgmt 56-199] Attempt to get parsing info during refresh. "On-the-fly" syntax checking information may be incorrect. [C:\Users\C28Noah.Marino\Documents\ECE\ece281-lab5\basic_cpu.srcs\sources_1\imports\ECE\ece281-ice3\src\full_adder_tb.vhd:]
WARNING: [filemgmt 56-199] Attempt to get parsing info during refresh. "On-the-fly" syntax checking information may be incorrect. [C:\Users\C28Noah.Marino\Documents\ECE\ece281-lab5\basic_cpu.srcs\sources_1\imports\ECE\ece281-ice3\src\full_adder.vhd:]
WARNING: [filemgmt 56-199] Attempt to get parsing info during refresh. "On-the-fly" syntax checking information may be incorrect. [C:\Users\C28Noah.Marino\Documents\ECE\ece281-lab5\basic_cpu.srcs\sources_1\imports\src\sevenseg_decoder.vhd:]
WARNING: [filemgmt 56-199] Attempt to get parsing info during refresh. "On-the-fly" syntax checking information may be incorrect. [C:\Users\C28Noah.Marino\Documents\ECE\ece281-lab5\basic_cpu.srcs\sources_1\imports\ECE\ece281-lab4\src\sevenseg_decoder.vhd:]
WARNING: [filemgmt 56-199] Attempt to get parsing info during refresh. "On-the-fly" syntax checking information may be incorrect. [C:\Users\C28Noah.Marino\Downloads\full_adder.vhd:]
WARNING: [filemgmt 56-199] Attempt to get parsing info during refresh. "On-the-fly" syntax checking information may be incorrect. [C:\Users\C28Noah.Marino\Documents\ECE\ece281-lab5\basic_cpu.srcs\sources_1\imports\ECE\ece281-ice3\src\ripple_adder_tb.vhd:]
WARNING: [filemgmt 56-199] Attempt to get parsing info during refresh. "On-the-fly" syntax checking information may be incorrect. [C:\Users\C28Noah.Marino\Downloads\ripple_adder.vhd:]
WARNING: [filemgmt 56-199] Attempt to get parsing info during refresh. "On-the-fly" syntax checking information may be incorrect. [C:\Users\C28Noah.Marino\Downloads\ripple_adder.vhd:]
WARNING: [filemgmt 56-199] Attempt to get parsing info during refresh. "On-the-fly" syntax checking information may be incorrect. [C:\Users\C28Noah.Marino\Downloads\ripple_adder.vhd:]
ERROR: [Common 17-180] Spawn failed: No error
export_ip_user_files -of_objects  [get_files C:/Users/C28Noah.Marino/Documents/ECE/ece281-lab5/basic_cpu.srcs/sources_1/imports/src/ripple_adder_tb.vhd] -no_script -reset -force -quiet
remove_files  C:/Users/C28Noah.Marino/Documents/ECE/ece281-lab5/basic_cpu.srcs/sources_1/imports/src/ripple_adder_tb.vhd
WARNING: [filemgmt 56-199] Attempt to get parsing info during refresh. "On-the-fly" syntax checking information may be incorrect. [C:\Users\C28Noah.Marino\Documents\ECE\ece281-lab5\basic_cpu.srcs\sources_1\imports\src\full_adder.vhd:]
WARNING: [filemgmt 56-199] Attempt to get parsing info during refresh. "On-the-fly" syntax checking information may be incorrect. [C:\Users\C28Noah.Marino\Documents\ECE\ece281-lab5\basic_cpu.srcs\sources_1\imports\src\ripple_adder_tb.vhd:]
WARNING: [filemgmt 56-199] Attempt to get parsing info during refresh. "On-the-fly" syntax checking information may be incorrect. [C:\Users\C28Noah.Marino\Documents\ECE\ece281-lab5\basic_cpu.srcs\sources_1\imports\ECE\ece281-ice3\src\ripple_adder.vhd:]
WARNING: [filemgmt 56-199] Attempt to get parsing info during refresh. "On-the-fly" syntax checking information may be incorrect. [C:\Users\C28Noah.Marino\Documents\ECE\ece281-lab5\basic_cpu.srcs\sources_1\imports\src\ripple_adder.vhd:]
WARNING: [filemgmt 56-199] Attempt to get parsing info during refresh. "On-the-fly" syntax checking information may be incorrect. [C:\Users\C28Noah.Marino\Documents\ECE\ece281-lab5\basic_cpu.srcs\sources_1\imports\ECE\ece281-ice3\src\full_adder_tb.vhd:]
WARNING: [filemgmt 56-199] Attempt to get parsing info during refresh. "On-the-fly" syntax checking information may be incorrect. [C:\Users\C28Noah.Marino\Documents\ECE\ece281-lab5\basic_cpu.srcs\sources_1\imports\ECE\ece281-ice3\src\full_adder.vhd:]
WARNING: [filemgmt 56-199] Attempt to get parsing info during refresh. "On-the-fly" syntax checking information may be incorrect. [C:\Users\C28Noah.Marino\Documents\ECE\ece281-lab5\basic_cpu.srcs\sources_1\imports\src\sevenseg_decoder.vhd:]
WARNING: [filemgmt 56-199] Attempt to get parsing info during refresh. "On-the-fly" syntax checking information may be incorrect. [C:\Users\C28Noah.Marino\Documents\ECE\ece281-lab5\basic_cpu.srcs\sources_1\imports\ECE\ece281-lab4\src\sevenseg_decoder.vhd:]
WARNING: [filemgmt 56-199] Attempt to get parsing info during refresh. "On-the-fly" syntax checking information may be incorrect. [C:\Users\C28Noah.Marino\Downloads\full_adder.vhd:]
WARNING: [filemgmt 56-199] Attempt to get parsing info during refresh. "On-the-fly" syntax checking information may be incorrect. [C:\Users\C28Noah.Marino\Documents\ECE\ece281-lab5\basic_cpu.srcs\sources_1\imports\ECE\ece281-ice3\src\ripple_adder.vhd:]
WARNING: [filemgmt 56-199] Attempt to get parsing info during refresh. "On-the-fly" syntax checking information may be incorrect. [C:\Users\C28Noah.Marino\Documents\ECE\ece281-lab5\basic_cpu.srcs\sources_1\imports\ECE\ece281-ice3\src\ripple_adder.vhd:]
WARNING: [filemgmt 56-199] Attempt to get parsing info during refresh. "On-the-fly" syntax checking information may be incorrect. [C:\Users\C28Noah.Marino\Documents\ECE\ece281-lab5\basic_cpu.srcs\sources_1\imports\src\full_adder.vhd:]
WARNING: [filemgmt 56-199] Attempt to get parsing info during refresh. "On-the-fly" syntax checking information may be incorrect. [C:\Users\C28Noah.Marino\Documents\ECE\ece281-lab5\basic_cpu.srcs\sources_1\imports\src\ripple_adder_tb.vhd:]
WARNING: [filemgmt 56-199] Attempt to get parsing info during refresh. "On-the-fly" syntax checking information may be incorrect. [C:\Users\C28Noah.Marino\Documents\ECE\ece281-lab5\basic_cpu.srcs\sources_1\imports\ECE\ece281-ice3\src\ripple_adder.vhd:]
WARNING: [filemgmt 56-199] Attempt to get parsing info during refresh. "On-the-fly" syntax checking information may be incorrect. [C:\Users\C28Noah.Marino\Documents\ECE\ece281-lab5\basic_cpu.srcs\sources_1\imports\src\ripple_adder.vhd:]
WARNING: [filemgmt 56-199] Attempt to get parsing info during refresh. "On-the-fly" syntax checking information may be incorrect. [C:\Users\C28Noah.Marino\Documents\ECE\ece281-lab5\basic_cpu.srcs\sources_1\imports\ECE\ece281-ice3\src\full_adder_tb.vhd:]
WARNING: [filemgmt 56-199] Attempt to get parsing info during refresh. "On-the-fly" syntax checking information may be incorrect. [C:\Users\C28Noah.Marino\Documents\ECE\ece281-lab5\basic_cpu.srcs\sources_1\imports\ECE\ece281-ice3\src\full_adder.vhd:]
WARNING: [filemgmt 56-199] Attempt to get parsing info during refresh. "On-the-fly" syntax checking information may be incorrect. [C:\Users\C28Noah.Marino\Documents\ECE\ece281-lab5\basic_cpu.srcs\sources_1\imports\src\sevenseg_decoder.vhd:]
WARNING: [filemgmt 56-199] Attempt to get parsing info during refresh. "On-the-fly" syntax checking information may be incorrect. [C:\Users\C28Noah.Marino\Documents\ECE\ece281-lab5\basic_cpu.srcs\sources_1\imports\ECE\ece281-lab4\src\sevenseg_decoder.vhd:]
WARNING: [filemgmt 56-199] Attempt to get parsing info during refresh. "On-the-fly" syntax checking information may be incorrect. [C:\Users\C28Noah.Marino\Downloads\full_adder.vhd:]
WARNING: [filemgmt 56-199] Attempt to get parsing info during refresh. "On-the-fly" syntax checking information may be incorrect. [C:\Users\C28Noah.Marino\Documents\ECE\ece281-lab5\basic_cpu.srcs\sources_1\imports\src\sevenseg_decoder.vhd:]
WARNING: [filemgmt 56-199] Attempt to get parsing info during refresh. "On-the-fly" syntax checking information may be incorrect. [C:\Users\C28Noah.Marino\Documents\ECE\ece281-lab5\basic_cpu.srcs\sources_1\imports\src\sevenseg_decoder.vhd:]
WARNING: [filemgmt 56-199] Attempt to get parsing info during refresh. "On-the-fly" syntax checking information may be incorrect. [C:\Users\C28Noah.Marino\Documents\ECE\ece281-lab5\basic_cpu.srcs\sources_1\imports\src\full_adder.vhd:]
WARNING: [filemgmt 56-199] Attempt to get parsing info during refresh. "On-the-fly" syntax checking information may be incorrect. [C:\Users\C28Noah.Marino\Documents\ECE\ece281-lab5\basic_cpu.srcs\sources_1\imports\src\ripple_adder_tb.vhd:]
WARNING: [filemgmt 56-199] Attempt to get parsing info during refresh. "On-the-fly" syntax checking information may be incorrect. [C:\Users\C28Noah.Marino\Documents\ECE\ece281-lab5\basic_cpu.srcs\sources_1\imports\ECE\ece281-ice3\src\ripple_adder.vhd:]
WARNING: [filemgmt 56-199] Attempt to get parsing info during refresh. "On-the-fly" syntax checking information may be incorrect. [C:\Users\C28Noah.Marino\Documents\ECE\ece281-lab5\basic_cpu.srcs\sources_1\imports\src\ripple_adder.vhd:]
WARNING: [filemgmt 56-199] Attempt to get parsing info during refresh. "On-the-fly" syntax checking information may be incorrect. [C:\Users\C28Noah.Marino\Documents\ECE\ece281-lab5\basic_cpu.srcs\sources_1\imports\ECE\ece281-ice3\src\full_adder_tb.vhd:]
WARNING: [filemgmt 56-199] Attempt to get parsing info during refresh. "On-the-fly" syntax checking information may be incorrect. [C:\Users\C28Noah.Marino\Documents\ECE\ece281-lab5\basic_cpu.srcs\sources_1\imports\ECE\ece281-ice3\src\full_adder.vhd:]
WARNING: [filemgmt 56-199] Attempt to get parsing info during refresh. "On-the-fly" syntax checking information may be incorrect. [C:\Users\C28Noah.Marino\Documents\ECE\ece281-lab5\basic_cpu.srcs\sources_1\imports\src\sevenseg_decoder.vhd:]
WARNING: [filemgmt 56-199] Attempt to get parsing info during refresh. "On-the-fly" syntax checking information may be incorrect. [C:\Users\C28Noah.Marino\Documents\ECE\ece281-lab5\basic_cpu.srcs\sources_1\imports\ECE\ece281-lab4\src\sevenseg_decoder.vhd:]
WARNING: [filemgmt 56-199] Attempt to get parsing info during refresh. "On-the-fly" syntax checking information may be incorrect. [C:\Users\C28Noah.Marino\Downloads\full_adder.vhd:]
WARNING: [filemgmt 56-199] Attempt to get parsing info during refresh. "On-the-fly" syntax checking information may be incorrect. [C:\Users\C28Noah.Marino\Documents\ECE\ece281-lab5\basic_cpu.srcs\sources_1\imports\src\full_adder.vhd:]
WARNING: [filemgmt 56-199] Attempt to get parsing info during refresh. "On-the-fly" syntax checking information may be incorrect. [C:\Users\C28Noah.Marino\Documents\ECE\ece281-lab5\basic_cpu.srcs\sources_1\imports\src\full_adder.vhd:]
