Copyright 1986-2022 Xilinx, Inc. All Rights Reserved. Copyright 2022-2024 Advanced Micro Devices, Inc. All Rights Reserved.
--------------------------------------------------------------------------------------------------------------------------------------------------------------------
| Tool Version : Vivado v.2024.2 (win64) Build 5239630 Fri Nov 08 22:35:27 MST 2024
| Date         : Thu Apr 30 07:54:27 2026
| Host         : C28-2TK416017C running 64-bit major release  (build 9200)
| Command      : report_methodology -file top_basys3_methodology_drc_routed.rpt -pb top_basys3_methodology_drc_routed.pb -rpx top_basys3_methodology_drc_routed.rpx
| Design       : top_basys3
| Device       : xc7a35tcpg236-1
| Speed File   : -1
| Design State : Fully Routed
--------------------------------------------------------------------------------------------------------------------------------------------------------------------

Report Methodology

Table of Contents
-----------------
1. REPORT SUMMARY
2. REPORT DETAILS

1. REPORT SUMMARY
-----------------
            Netlist: netlist
          Floorplan: design_1
      Design limits: <entire design considered>
             Max checks: <unlimited>
             Checks found: 49
+-----------+------------------+--------------------------------+--------+
| Rule      | Severity         | Description                    | Checks |
+-----------+------------------+--------------------------------+--------+
| TIMING-17 | Critical Warning | Non-clocked sequential cell    | 27     |
| TIMING-18 | Warning          | Missing input or output delay  | 1      |
| TIMING-20 | Warning          | Non-clocked latch              | 20     |
| LATCH-1   | Advisory         | Existing latches in the design | 1      |
+-----------+------------------+--------------------------------+--------+

2. REPORT DETAILS
-----------------
TIMING-17#1 Critical Warning
Non-clocked sequential cell  
The clock pin TDM_inst/f_sel_reg[0]/C is not reached by a timing clock
Related violations: <none>

TIMING-17#2 Critical Warning
Non-clocked sequential cell  
The clock pin TDM_inst/f_sel_reg[1]/C is not reached by a timing clock
Related violations: <none>

TIMING-17#3 Critical Warning
Non-clocked sequential cell  
The clock pin button_debounce_inst/FSM_sequential_state_reg[0]/C is not reached by a timing clock
Related violations: <none>

TIMING-17#4 Critical Warning
Non-clocked sequential cell  
The clock pin button_debounce_inst/FSM_sequential_state_reg[1]/C is not reached by a timing clock
Related violations: <none>

TIMING-17#5 Critical Warning
Non-clocked sequential cell  
The clock pin button_debounce_inst/FSM_sequential_state_reg[2]/C is not reached by a timing clock
Related violations: <none>

TIMING-17#6 Critical Warning
Non-clocked sequential cell  
The clock pin button_debounce_inst/FSM_sequential_state_reg[3]/C is not reached by a timing clock
Related violations: <none>

TIMING-17#7 Critical Warning
Non-clocked sequential cell  
The clock pin button_debounce_inst/delay_counter/processQ_reg[0]/C is not reached by a timing clock
Related violations: <none>

TIMING-17#8 Critical Warning
Non-clocked sequential cell  
The clock pin button_debounce_inst/delay_counter/processQ_reg[10]/C is not reached by a timing clock
Related violations: <none>

TIMING-17#9 Critical Warning
Non-clocked sequential cell  
The clock pin button_debounce_inst/delay_counter/processQ_reg[11]/C is not reached by a timing clock
Related violations: <none>

TIMING-17#10 Critical Warning
Non-clocked sequential cell  
The clock pin button_debounce_inst/delay_counter/processQ_reg[12]/C is not reached by a timing clock
Related violations: <none>

TIMING-17#11 Critical Warning
Non-clocked sequential cell  
The clock pin button_debounce_inst/delay_counter/processQ_reg[13]/C is not reached by a timing clock
Related violations: <none>

TIMING-17#12 Critical Warning
Non-clocked sequential cell  
The clock pin button_debounce_inst/delay_counter/processQ_reg[14]/C is not reached by a timing clock
Related violations: <none>

TIMING-17#13 Critical Warning
Non-clocked sequential cell  
The clock pin button_debounce_inst/delay_counter/processQ_reg[15]/C is not reached by a timing clock
Related violations: <none>

TIMING-17#14 Critical Warning
Non-clocked sequential cell  
The clock pin button_debounce_inst/delay_counter/processQ_reg[16]/C is not reached by a timing clock
Related violations: <none>

TIMING-17#15 Critical Warning
Non-clocked sequential cell  
The clock pin button_debounce_inst/delay_counter/processQ_reg[17]/C is not reached by a timing clock
Related violations: <none>

TIMING-17#16 Critical Warning
Non-clocked sequential cell  
The clock pin button_debounce_inst/delay_counter/processQ_reg[18]/C is not reached by a timing clock
Related violations: <none>

TIMING-17#17 Critical Warning
Non-clocked sequential cell  
The clock pin button_debounce_inst/delay_counter/processQ_reg[19]/C is not reached by a timing clock
Related violations: <none>

TIMING-17#18 Critical Warning
Non-clocked sequential cell  
The clock pin button_debounce_inst/delay_counter/processQ_reg[1]/C is not reached by a timing clock
Related violations: <none>

TIMING-17#19 Critical Warning
Non-clocked sequential cell  
The clock pin button_debounce_inst/delay_counter/processQ_reg[20]/C is not reached by a timing clock
Related violations: <none>

TIMING-17#20 Critical Warning
Non-clocked sequential cell  
The clock pin button_debounce_inst/delay_counter/processQ_reg[2]/C is not reached by a timing clock
Related violations: <none>

TIMING-17#21 Critical Warning
Non-clocked sequential cell  
The clock pin button_debounce_inst/delay_counter/processQ_reg[3]/C is not reached by a timing clock
Related violations: <none>

TIMING-17#22 Critical Warning
Non-clocked sequential cell  
The clock pin button_debounce_inst/delay_counter/processQ_reg[4]/C is not reached by a timing clock
Related violations: <none>

TIMING-17#23 Critical Warning
Non-clocked sequential cell  
The clock pin button_debounce_inst/delay_counter/processQ_reg[5]/C is not reached by a timing clock
Related violations: <none>

TIMING-17#24 Critical Warning
Non-clocked sequential cell  
The clock pin button_debounce_inst/delay_counter/processQ_reg[6]/C is not reached by a timing clock
Related violations: <none>

TIMING-17#25 Critical Warning
Non-clocked sequential cell  
The clock pin button_debounce_inst/delay_counter/processQ_reg[7]/C is not reached by a timing clock
Related violations: <none>

TIMING-17#26 Critical Warning
Non-clocked sequential cell  
The clock pin button_debounce_inst/delay_counter/processQ_reg[8]/C is not reached by a timing clock
Related violations: <none>

TIMING-17#27 Critical Warning
Non-clocked sequential cell  
The clock pin button_debounce_inst/delay_counter/processQ_reg[9]/C is not reached by a timing clock
Related violations: <none>

TIMING-18#1 Warning
Missing input or output delay  
An input delay is missing on btnL relative to the rising and/or falling clock edge(s) of sys_clk_pin.
Related violations: <none>

TIMING-20#1 Warning
Non-clocked latch  
The latch controller_fsm_inst/f_Q_reg[0] cannot be properly analyzed as its control pin controller_fsm_inst/f_Q_reg[0]/G is not reached by a timing clock
Related violations: <none>

TIMING-20#2 Warning
Non-clocked latch  
The latch controller_fsm_inst/f_Q_reg[1] cannot be properly analyzed as its control pin controller_fsm_inst/f_Q_reg[1]/G is not reached by a timing clock
Related violations: <none>

TIMING-20#3 Warning
Non-clocked latch  
The latch controller_fsm_inst/f_Q_reg[2] cannot be properly analyzed as its control pin controller_fsm_inst/f_Q_reg[2]/G is not reached by a timing clock
Related violations: <none>

TIMING-20#4 Warning
Non-clocked latch  
The latch controller_fsm_inst/f_Q_reg[3] cannot be properly analyzed as its control pin controller_fsm_inst/f_Q_reg[3]/G is not reached by a timing clock
Related violations: <none>

TIMING-20#5 Warning
Non-clocked latch  
The latch reg_inst_1/D_OUT_reg[0] cannot be properly analyzed as its control pin reg_inst_1/D_OUT_reg[0]/G is not reached by a timing clock
Related violations: <none>

TIMING-20#6 Warning
Non-clocked latch  
The latch reg_inst_1/D_OUT_reg[1] cannot be properly analyzed as its control pin reg_inst_1/D_OUT_reg[1]/G is not reached by a timing clock
Related violations: <none>

TIMING-20#7 Warning
Non-clocked latch  
The latch reg_inst_1/D_OUT_reg[2] cannot be properly analyzed as its control pin reg_inst_1/D_OUT_reg[2]/G is not reached by a timing clock
Related violations: <none>

TIMING-20#8 Warning
Non-clocked latch  
The latch reg_inst_1/D_OUT_reg[3] cannot be properly analyzed as its control pin reg_inst_1/D_OUT_reg[3]/G is not reached by a timing clock
Related violations: <none>

TIMING-20#9 Warning
Non-clocked latch  
The latch reg_inst_1/D_OUT_reg[4] cannot be properly analyzed as its control pin reg_inst_1/D_OUT_reg[4]/G is not reached by a timing clock
Related violations: <none>

TIMING-20#10 Warning
Non-clocked latch  
The latch reg_inst_1/D_OUT_reg[5] cannot be properly analyzed as its control pin reg_inst_1/D_OUT_reg[5]/G is not reached by a timing clock
Related violations: <none>

TIMING-20#11 Warning
Non-clocked latch  
The latch reg_inst_1/D_OUT_reg[6] cannot be properly analyzed as its control pin reg_inst_1/D_OUT_reg[6]/G is not reached by a timing clock
Related violations: <none>

TIMING-20#12 Warning
Non-clocked latch  
The latch reg_inst_1/D_OUT_reg[7] cannot be properly analyzed as its control pin reg_inst_1/D_OUT_reg[7]/G is not reached by a timing clock
Related violations: <none>

TIMING-20#13 Warning
Non-clocked latch  
The latch reg_inst_2/D_OUT_reg[0] cannot be properly analyzed as its control pin reg_inst_2/D_OUT_reg[0]/G is not reached by a timing clock
Related violations: <none>

TIMING-20#14 Warning
Non-clocked latch  
The latch reg_inst_2/D_OUT_reg[1] cannot be properly analyzed as its control pin reg_inst_2/D_OUT_reg[1]/G is not reached by a timing clock
Related violations: <none>

TIMING-20#15 Warning
Non-clocked latch  
The latch reg_inst_2/D_OUT_reg[2] cannot be properly analyzed as its control pin reg_inst_2/D_OUT_reg[2]/G is not reached by a timing clock
Related violations: <none>

TIMING-20#16 Warning
Non-clocked latch  
The latch reg_inst_2/D_OUT_reg[3] cannot be properly analyzed as its control pin reg_inst_2/D_OUT_reg[3]/G is not reached by a timing clock
Related violations: <none>

TIMING-20#17 Warning
Non-clocked latch  
The latch reg_inst_2/D_OUT_reg[4] cannot be properly analyzed as its control pin reg_inst_2/D_OUT_reg[4]/G is not reached by a timing clock
Related violations: <none>

TIMING-20#18 Warning
Non-clocked latch  
The latch reg_inst_2/D_OUT_reg[5] cannot be properly analyzed as its control pin reg_inst_2/D_OUT_reg[5]/G is not reached by a timing clock
Related violations: <none>

TIMING-20#19 Warning
Non-clocked latch  
The latch reg_inst_2/D_OUT_reg[6] cannot be properly analyzed as its control pin reg_inst_2/D_OUT_reg[6]/G is not reached by a timing clock
Related violations: <none>

TIMING-20#20 Warning
Non-clocked latch  
The latch reg_inst_2/D_OUT_reg[7] cannot be properly analyzed as its control pin reg_inst_2/D_OUT_reg[7]/G is not reached by a timing clock
Related violations: <none>

LATCH-1#1 Advisory
Existing latches in the design  
There are 20 latches found in the design. Inferred latches are often the result of HDL coding mistakes, such as incomplete if or case statements.
Related violations: <none>


