
*** Running vivado
    with args -log top_basys3.vds -m64 -product Vivado -mode batch -messageDb vivado.pb -notrace -source top_basys3.tcl



****** Vivado v2024.2 (64-bit)
  **** SW Build 5239630 on Fri Nov 08 22:35:27 MST 2024
  **** IP Build 5239520 on Sun Nov 10 16:12:51 MST 2024
  **** SharedData Build 5239561 on Fri Nov 08 14:39:27 MST 2024
  **** Start of session at: Thu Apr 30 07:52:22 2026
    ** Copyright 1986-2022 Xilinx, Inc. All Rights Reserved.
    ** Copyright 2022-2024 Advanced Micro Devices, Inc. All Rights Reserved.

source top_basys3.tcl -notrace
Command: synth_design -top top_basys3 -part xc7a35tcpg236-1
Starting synth_design
Attempting to get a license for feature 'Synthesis' and/or device 'xc7a35t'
INFO: [Common 17-349] Got license for feature 'Synthesis' and/or device 'xc7a35t'
INFO: [Device 21-403] Loading part xc7a35tcpg236-1
INFO: [Synth 8-7079] Multithreading enabled for synth_design using a maximum of 2 processes.
INFO: [Synth 8-7078] Launching helper process for spawning children vivado processes
INFO: [Synth 8-7075] Helper process launched with PID 24004
---------------------------------------------------------------------------------
Starting RTL Elaboration : Time (s): cpu = 00:00:05 ; elapsed = 00:00:06 . Memory (MB): peak = 948.691 ; gain = 466.719
---------------------------------------------------------------------------------
INFO: [Synth 8-638] synthesizing module 'top_basys3' [C:/Users/C28Noah.Marino/Documents/ECE/ece281-lab5/src/top_basys3.vhd:46]
	Parameter k_DIV bound to: 1333333 - type: integer 
INFO: [Synth 8-3491] module 'clock_divider' declared at 'C:/Users/C28Noah.Marino/Documents/ECE/ece281-lab5/src/clock_divider.vhd:53' bound to instance 'clk_div_debounce_inst' of component 'clock_divider' [C:/Users/C28Noah.Marino/Documents/ECE/ece281-lab5/src/top_basys3.vhd:140]
INFO: [Synth 8-638] synthesizing module 'clock_divider' [C:/Users/C28Noah.Marino/Documents/ECE/ece281-lab5/src/clock_divider.vhd:63]
	Parameter k_DIV bound to: 1333333 - type: integer 
INFO: [Synth 8-256] done synthesizing module 'clock_divider' (0#1) [C:/Users/C28Noah.Marino/Documents/ECE/ece281-lab5/src/clock_divider.vhd:63]
INFO: [Synth 8-3491] module 'button_debounce' declared at 'C:/Users/C28Noah.Marino/Documents/ECE/ece281-lab5/src/button_debounce.vhd:22' bound to instance 'button_debounce_inst' of component 'button_debounce' [C:/Users/C28Noah.Marino/Documents/ECE/ece281-lab5/src/top_basys3.vhd:147]
INFO: [Synth 8-638] synthesizing module 'button_debounce' [C:/Users/C28Noah.Marino/Documents/ECE/ece281-lab5/src/button_debounce.vhd:29]
	Parameter N bound to: 21 - type: integer 
INFO: [Synth 8-3491] module 'counter' declared at 'C:/Users/C28Noah.Marino/Documents/ECE/ece281-lab5/src/counter.vhd:24' bound to instance 'delay_counter' of component 'counter' [C:/Users/C28Noah.Marino/Documents/ECE/ece281-lab5/src/button_debounce.vhd:55]
INFO: [Synth 8-638] synthesizing module 'counter' [C:/Users/C28Noah.Marino/Documents/ECE/ece281-lab5/src/counter.vhd:33]
	Parameter N bound to: 21 - type: integer 
INFO: [Synth 8-256] done synthesizing module 'counter' (0#1) [C:/Users/C28Noah.Marino/Documents/ECE/ece281-lab5/src/counter.vhd:33]
INFO: [Synth 8-256] done synthesizing module 'button_debounce' (0#1) [C:/Users/C28Noah.Marino/Documents/ECE/ece281-lab5/src/button_debounce.vhd:29]
INFO: [Synth 8-3491] module 'controller_fsm' declared at 'C:/Users/C28Noah.Marino/Documents/ECE/ece281-lab5/src/controller_fsm.vhd:34' bound to instance 'controller_fsm_inst' of component 'controller_fsm' [C:/Users/C28Noah.Marino/Documents/ECE/ece281-lab5/src/top_basys3.vhd:154]
INFO: [Synth 8-638] synthesizing module 'controller_fsm' [C:/Users/C28Noah.Marino/Documents/ECE/ece281-lab5/src/controller_fsm.vhd:40]
WARNING: [Synth 8-614] signal 'i_reset' is read in the process but is not in the sensitivity list [C:/Users/C28Noah.Marino/Documents/ECE/ece281-lab5/src/controller_fsm.vhd:55]
WARNING: [Synth 8-614] signal 'f_Q_next' is read in the process but is not in the sensitivity list [C:/Users/C28Noah.Marino/Documents/ECE/ece281-lab5/src/controller_fsm.vhd:55]
INFO: [Synth 8-256] done synthesizing module 'controller_fsm' (0#1) [C:/Users/C28Noah.Marino/Documents/ECE/ece281-lab5/src/controller_fsm.vhd:40]
INFO: [Synth 8-3491] module 'reg' declared at 'C:/Users/C28Noah.Marino/Documents/ECE/ece281-lab5/basic_cpu.srcs/sources_1/new/reg.vhd:37' bound to instance 'reg_inst_1' of component 'reg' [C:/Users/C28Noah.Marino/Documents/ECE/ece281-lab5/src/top_basys3.vhd:161]
INFO: [Synth 8-638] synthesizing module '\reg ' [C:/Users/C28Noah.Marino/Documents/ECE/ece281-lab5/basic_cpu.srcs/sources_1/new/reg.vhd:43]
WARNING: [Synth 8-614] signal 'D_IN' is read in the process but is not in the sensitivity list [C:/Users/C28Noah.Marino/Documents/ECE/ece281-lab5/basic_cpu.srcs/sources_1/new/reg.vhd:46]
INFO: [Synth 8-256] done synthesizing module '\reg ' (0#1) [C:/Users/C28Noah.Marino/Documents/ECE/ece281-lab5/basic_cpu.srcs/sources_1/new/reg.vhd:43]
INFO: [Synth 8-3491] module 'reg' declared at 'C:/Users/C28Noah.Marino/Documents/ECE/ece281-lab5/basic_cpu.srcs/sources_1/new/reg.vhd:37' bound to instance 'reg_inst_2' of component 'reg' [C:/Users/C28Noah.Marino/Documents/ECE/ece281-lab5/src/top_basys3.vhd:168]
INFO: [Synth 8-3491] module 'ALU' declared at 'C:/Users/C28Noah.Marino/Documents/ECE/ece281-lab5/src/ALU.vhd:34' bound to instance 'ALU_inst' of component 'ALU' [C:/Users/C28Noah.Marino/Documents/ECE/ece281-lab5/src/top_basys3.vhd:175]
INFO: [Synth 8-638] synthesizing module 'ALU' [C:/Users/C28Noah.Marino/Documents/ECE/ece281-lab5/src/ALU.vhd:42]
INFO: [Synth 8-3491] module 'ripple_adder' declared at 'C:/Users/C28Noah.Marino/Downloads/ripple_adder.vhd:8' bound to instance 'rippleAdder_inst' of component 'ripple_adder' [C:/Users/C28Noah.Marino/Documents/ECE/ece281-lab5/src/ALU.vhd:66]
INFO: [Synth 8-638] synthesizing module 'ripple_adder' [C:/Users/C28Noah.Marino/Downloads/ripple_adder.vhd:16]
INFO: [Synth 8-3491] module 'full_adder' declared at 'C:/Users/C28Noah.Marino/Downloads/full_adder.vhd:8' bound to instance 'full_adder_0' of component 'full_adder' [C:/Users/C28Noah.Marino/Downloads/ripple_adder.vhd:32]
INFO: [Synth 8-638] synthesizing module 'full_adder' [C:/Users/C28Noah.Marino/Downloads/full_adder.vhd:16]
INFO: [Synth 8-256] done synthesizing module 'full_adder' (0#1) [C:/Users/C28Noah.Marino/Downloads/full_adder.vhd:16]
INFO: [Synth 8-3491] module 'full_adder' declared at 'C:/Users/C28Noah.Marino/Downloads/full_adder.vhd:8' bound to instance 'full_adder_1' of component 'full_adder' [C:/Users/C28Noah.Marino/Downloads/ripple_adder.vhd:41]
INFO: [Synth 8-3491] module 'full_adder' declared at 'C:/Users/C28Noah.Marino/Downloads/full_adder.vhd:8' bound to instance 'full_adder_2' of component 'full_adder' [C:/Users/C28Noah.Marino/Downloads/ripple_adder.vhd:50]
INFO: [Synth 8-3491] module 'full_adder' declared at 'C:/Users/C28Noah.Marino/Downloads/full_adder.vhd:8' bound to instance 'full_adder_3' of component 'full_adder' [C:/Users/C28Noah.Marino/Downloads/ripple_adder.vhd:59]
INFO: [Synth 8-3491] module 'full_adder' declared at 'C:/Users/C28Noah.Marino/Downloads/full_adder.vhd:8' bound to instance 'full_adder_4' of component 'full_adder' [C:/Users/C28Noah.Marino/Downloads/ripple_adder.vhd:68]
INFO: [Synth 8-3491] module 'full_adder' declared at 'C:/Users/C28Noah.Marino/Downloads/full_adder.vhd:8' bound to instance 'full_adder_5' of component 'full_adder' [C:/Users/C28Noah.Marino/Downloads/ripple_adder.vhd:77]
INFO: [Synth 8-3491] module 'full_adder' declared at 'C:/Users/C28Noah.Marino/Downloads/full_adder.vhd:8' bound to instance 'full_adder_6' of component 'full_adder' [C:/Users/C28Noah.Marino/Downloads/ripple_adder.vhd:86]
INFO: [Synth 8-3491] module 'full_adder' declared at 'C:/Users/C28Noah.Marino/Downloads/full_adder.vhd:8' bound to instance 'full_adder_7' of component 'full_adder' [C:/Users/C28Noah.Marino/Downloads/ripple_adder.vhd:95]
INFO: [Synth 8-256] done synthesizing module 'ripple_adder' (0#1) [C:/Users/C28Noah.Marino/Downloads/ripple_adder.vhd:16]
INFO: [Synth 8-3491] module 'ripple_adder' declared at 'C:/Users/C28Noah.Marino/Downloads/ripple_adder.vhd:8' bound to instance 'rippleAdder_inst_subtract_for_B' of component 'ripple_adder' [C:/Users/C28Noah.Marino/Documents/ECE/ece281-lab5/src/ALU.vhd:75]
INFO: [Synth 8-3491] module 'ripple_adder' declared at 'C:/Users/C28Noah.Marino/Downloads/ripple_adder.vhd:8' bound to instance 'rippleAdder_inst_subtract' of component 'ripple_adder' [C:/Users/C28Noah.Marino/Documents/ECE/ece281-lab5/src/ALU.vhd:83]
INFO: [Synth 8-256] done synthesizing module 'ALU' (0#1) [C:/Users/C28Noah.Marino/Documents/ECE/ece281-lab5/src/ALU.vhd:42]
INFO: [Synth 8-3491] module 'twos_comp' declared at 'C:/Users/C28Noah.Marino/Documents/ECE/ece281-lab5/src/twoscomp_decimal.vhd:11' bound to instance 'twos_comp_inst' of component 'twos_comp' [C:/Users/C28Noah.Marino/Documents/ECE/ece281-lab5/src/top_basys3.vhd:190]
INFO: [Synth 8-638] synthesizing module 'twos_comp' [C:/Users/C28Noah.Marino/Documents/ECE/ece281-lab5/src/twoscomp_decimal.vhd:21]
INFO: [Synth 8-256] done synthesizing module 'twos_comp' (0#1) [C:/Users/C28Noah.Marino/Documents/ECE/ece281-lab5/src/twoscomp_decimal.vhd:21]
	Parameter k_DIV bound to: 1333333 - type: integer 
INFO: [Synth 8-3491] module 'clock_divider' declared at 'C:/Users/C28Noah.Marino/Documents/ECE/ece281-lab5/src/clock_divider.vhd:53' bound to instance 'clk_div_TDM_inst' of component 'clock_divider' [C:/Users/C28Noah.Marino/Documents/ECE/ece281-lab5/src/top_basys3.vhd:204]
	Parameter k_WIDTH bound to: 4 - type: integer 
INFO: [Synth 8-3491] module 'TDM4' declared at 'C:/Users/C28Noah.Marino/Documents/ECE/ece281-lab5/src/TDM4.vhd:56' bound to instance 'TDM_inst' of component 'TDM4' [C:/Users/C28Noah.Marino/Documents/ECE/ece281-lab5/src/top_basys3.vhd:212]
INFO: [Synth 8-638] synthesizing module 'TDM4' [C:/Users/C28Noah.Marino/Documents/ECE/ece281-lab5/src/TDM4.vhd:69]
	Parameter k_WIDTH bound to: 4 - type: integer 
INFO: [Synth 8-256] done synthesizing module 'TDM4' (0#1) [C:/Users/C28Noah.Marino/Documents/ECE/ece281-lab5/src/TDM4.vhd:69]
INFO: [Synth 8-3491] module 'sevenseg_decoder' declared at 'C:/Users/C28Noah.Marino/Documents/ECE/ece281-lab4/src/sevenseg_decoder.vhd:34' bound to instance 'sevenseg_inst' of component 'sevenseg_decoder' [C:/Users/C28Noah.Marino/Documents/ECE/ece281-lab5/src/top_basys3.vhd:225]
INFO: [Synth 8-638] synthesizing module 'sevenseg_decoder' [C:/Users/C28Noah.Marino/Documents/ECE/ece281-lab4/src/sevenseg_decoder.vhd:39]
INFO: [Synth 8-226] default block is never used [C:/Users/C28Noah.Marino/Documents/ECE/ece281-lab4/src/sevenseg_decoder.vhd:46]
INFO: [Synth 8-256] done synthesizing module 'sevenseg_decoder' (0#1) [C:/Users/C28Noah.Marino/Documents/ECE/ece281-lab4/src/sevenseg_decoder.vhd:39]
INFO: [Synth 8-256] done synthesizing module 'top_basys3' (0#1) [C:/Users/C28Noah.Marino/Documents/ECE/ece281-lab5/src/top_basys3.vhd:46]
WARNING: [Synth 8-7129] Port led[11] in module top_basys3 is either unconnected or has no load
WARNING: [Synth 8-7129] Port led[10] in module top_basys3 is either unconnected or has no load
WARNING: [Synth 8-7129] Port led[9] in module top_basys3 is either unconnected or has no load
WARNING: [Synth 8-7129] Port led[8] in module top_basys3 is either unconnected or has no load
WARNING: [Synth 8-7129] Port led[7] in module top_basys3 is either unconnected or has no load
WARNING: [Synth 8-7129] Port led[6] in module top_basys3 is either unconnected or has no load
WARNING: [Synth 8-7129] Port led[5] in module top_basys3 is either unconnected or has no load
WARNING: [Synth 8-7129] Port led[4] in module top_basys3 is either unconnected or has no load
---------------------------------------------------------------------------------
Finished RTL Elaboration : Time (s): cpu = 00:00:06 ; elapsed = 00:00:08 . Memory (MB): peak = 1056.230 ; gain = 574.258
---------------------------------------------------------------------------------
---------------------------------------------------------------------------------
Start Handling Custom Attributes
---------------------------------------------------------------------------------
---------------------------------------------------------------------------------
Finished Handling Custom Attributes : Time (s): cpu = 00:00:06 ; elapsed = 00:00:08 . Memory (MB): peak = 1056.230 ; gain = 574.258
---------------------------------------------------------------------------------
---------------------------------------------------------------------------------
Finished RTL Optimization Phase 1 : Time (s): cpu = 00:00:06 ; elapsed = 00:00:08 . Memory (MB): peak = 1056.230 ; gain = 574.258
---------------------------------------------------------------------------------
Netlist sorting complete. Time (s): cpu = 00:00:00 ; elapsed = 00:00:00.005 . Memory (MB): peak = 1056.230 ; gain = 0.000
INFO: [Project 1-570] Preparing netlist for logic optimization

Processing XDC Constraints
Initializing timing engine
Parsing XDC File [C:/Users/C28Noah.Marino/Documents/ECE/ece281-lab5/src/Basys3_Master.xdc]
WARNING: [Vivado 12-584] No ports matched 'sw[8]'. [C:/Users/C28Noah.Marino/Documents/ECE/ece281-lab5/src/Basys3_Master.xdc:28]
CRITICAL WARNING: [Common 17-55] 'set_property' expects at least one object. [C:/Users/C28Noah.Marino/Documents/ECE/ece281-lab5/src/Basys3_Master.xdc:28]
Resolution: If [get_<value>] was used to populate the object, check to make sure this command returns at least one valid object.
WARNING: [Vivado 12-584] No ports matched 'sw[8]'. [C:/Users/C28Noah.Marino/Documents/ECE/ece281-lab5/src/Basys3_Master.xdc:29]
CRITICAL WARNING: [Common 17-55] 'set_property' expects at least one object. [C:/Users/C28Noah.Marino/Documents/ECE/ece281-lab5/src/Basys3_Master.xdc:29]
Resolution: If [get_<value>] was used to populate the object, check to make sure this command returns at least one valid object.
WARNING: [Vivado 12-584] No ports matched 'sw[9]'. [C:/Users/C28Noah.Marino/Documents/ECE/ece281-lab5/src/Basys3_Master.xdc:30]
CRITICAL WARNING: [Common 17-55] 'set_property' expects at least one object. [C:/Users/C28Noah.Marino/Documents/ECE/ece281-lab5/src/Basys3_Master.xdc:30]
Resolution: If [get_<value>] was used to populate the object, check to make sure this command returns at least one valid object.
WARNING: [Vivado 12-584] No ports matched 'sw[9]'. [C:/Users/C28Noah.Marino/Documents/ECE/ece281-lab5/src/Basys3_Master.xdc:31]
CRITICAL WARNING: [Common 17-55] 'set_property' expects at least one object. [C:/Users/C28Noah.Marino/Documents/ECE/ece281-lab5/src/Basys3_Master.xdc:31]
Resolution: If [get_<value>] was used to populate the object, check to make sure this command returns at least one valid object.
WARNING: [Vivado 12-584] No ports matched 'sw[10]'. [C:/Users/C28Noah.Marino/Documents/ECE/ece281-lab5/src/Basys3_Master.xdc:32]
CRITICAL WARNING: [Common 17-55] 'set_property' expects at least one object. [C:/Users/C28Noah.Marino/Documents/ECE/ece281-lab5/src/Basys3_Master.xdc:32]
Resolution: If [get_<value>] was used to populate the object, check to make sure this command returns at least one valid object.
WARNING: [Vivado 12-584] No ports matched 'sw[10]'. [C:/Users/C28Noah.Marino/Documents/ECE/ece281-lab5/src/Basys3_Master.xdc:33]
CRITICAL WARNING: [Common 17-55] 'set_property' expects at least one object. [C:/Users/C28Noah.Marino/Documents/ECE/ece281-lab5/src/Basys3_Master.xdc:33]
Resolution: If [get_<value>] was used to populate the object, check to make sure this command returns at least one valid object.
WARNING: [Vivado 12-584] No ports matched 'sw[11]'. [C:/Users/C28Noah.Marino/Documents/ECE/ece281-lab5/src/Basys3_Master.xdc:34]
CRITICAL WARNING: [Common 17-55] 'set_property' expects at least one object. [C:/Users/C28Noah.Marino/Documents/ECE/ece281-lab5/src/Basys3_Master.xdc:34]
Resolution: If [get_<value>] was used to populate the object, check to make sure this command returns at least one valid object.
WARNING: [Vivado 12-584] No ports matched 'sw[11]'. [C:/Users/C28Noah.Marino/Documents/ECE/ece281-lab5/src/Basys3_Master.xdc:35]
CRITICAL WARNING: [Common 17-55] 'set_property' expects at least one object. [C:/Users/C28Noah.Marino/Documents/ECE/ece281-lab5/src/Basys3_Master.xdc:35]
Resolution: If [get_<value>] was used to populate the object, check to make sure this command returns at least one valid object.
WARNING: [Vivado 12-584] No ports matched 'sw[12]'. [C:/Users/C28Noah.Marino/Documents/ECE/ece281-lab5/src/Basys3_Master.xdc:36]
CRITICAL WARNING: [Common 17-55] 'set_property' expects at least one object. [C:/Users/C28Noah.Marino/Documents/ECE/ece281-lab5/src/Basys3_Master.xdc:36]
Resolution: If [get_<value>] was used to populate the object, check to make sure this command returns at least one valid object.
WARNING: [Vivado 12-584] No ports matched 'sw[12]'. [C:/Users/C28Noah.Marino/Documents/ECE/ece281-lab5/src/Basys3_Master.xdc:37]
CRITICAL WARNING: [Common 17-55] 'set_property' expects at least one object. [C:/Users/C28Noah.Marino/Documents/ECE/ece281-lab5/src/Basys3_Master.xdc:37]
Resolution: If [get_<value>] was used to populate the object, check to make sure this command returns at least one valid object.
WARNING: [Vivado 12-584] No ports matched 'sw[13]'. [C:/Users/C28Noah.Marino/Documents/ECE/ece281-lab5/src/Basys3_Master.xdc:38]
CRITICAL WARNING: [Common 17-55] 'set_property' expects at least one object. [C:/Users/C28Noah.Marino/Documents/ECE/ece281-lab5/src/Basys3_Master.xdc:38]
Resolution: If [get_<value>] was used to populate the object, check to make sure this command returns at least one valid object.
WARNING: [Vivado 12-584] No ports matched 'sw[13]'. [C:/Users/C28Noah.Marino/Documents/ECE/ece281-lab5/src/Basys3_Master.xdc:39]
CRITICAL WARNING: [Common 17-55] 'set_property' expects at least one object. [C:/Users/C28Noah.Marino/Documents/ECE/ece281-lab5/src/Basys3_Master.xdc:39]
Resolution: If [get_<value>] was used to populate the object, check to make sure this command returns at least one valid object.
WARNING: [Vivado 12-584] No ports matched 'sw[14]'. [C:/Users/C28Noah.Marino/Documents/ECE/ece281-lab5/src/Basys3_Master.xdc:40]
CRITICAL WARNING: [Common 17-55] 'set_property' expects at least one object. [C:/Users/C28Noah.Marino/Documents/ECE/ece281-lab5/src/Basys3_Master.xdc:40]
Resolution: If [get_<value>] was used to populate the object, check to make sure this command returns at least one valid object.
WARNING: [Vivado 12-584] No ports matched 'sw[14]'. [C:/Users/C28Noah.Marino/Documents/ECE/ece281-lab5/src/Basys3_Master.xdc:41]
CRITICAL WARNING: [Common 17-55] 'set_property' expects at least one object. [C:/Users/C28Noah.Marino/Documents/ECE/ece281-lab5/src/Basys3_Master.xdc:41]
Resolution: If [get_<value>] was used to populate the object, check to make sure this command returns at least one valid object.
WARNING: [Vivado 12-584] No ports matched 'sw[15]'. [C:/Users/C28Noah.Marino/Documents/ECE/ece281-lab5/src/Basys3_Master.xdc:42]
CRITICAL WARNING: [Common 17-55] 'set_property' expects at least one object. [C:/Users/C28Noah.Marino/Documents/ECE/ece281-lab5/src/Basys3_Master.xdc:42]
Resolution: If [get_<value>] was used to populate the object, check to make sure this command returns at least one valid object.
WARNING: [Vivado 12-584] No ports matched 'sw[15]'. [C:/Users/C28Noah.Marino/Documents/ECE/ece281-lab5/src/Basys3_Master.xdc:43]
CRITICAL WARNING: [Common 17-55] 'set_property' expects at least one object. [C:/Users/C28Noah.Marino/Documents/ECE/ece281-lab5/src/Basys3_Master.xdc:43]
Resolution: If [get_<value>] was used to populate the object, check to make sure this command returns at least one valid object.
WARNING: [Vivado 12-584] No ports matched 'dp'. [C:/Users/C28Noah.Marino/Documents/ECE/ece281-lab5/src/Basys3_Master.xdc:97]
CRITICAL WARNING: [Common 17-55] 'set_property' expects at least one object. [C:/Users/C28Noah.Marino/Documents/ECE/ece281-lab5/src/Basys3_Master.xdc:97]
Resolution: If [get_<value>] was used to populate the object, check to make sure this command returns at least one valid object.
WARNING: [Vivado 12-584] No ports matched 'dp'. [C:/Users/C28Noah.Marino/Documents/ECE/ece281-lab5/src/Basys3_Master.xdc:98]
CRITICAL WARNING: [Common 17-55] 'set_property' expects at least one object. [C:/Users/C28Noah.Marino/Documents/ECE/ece281-lab5/src/Basys3_Master.xdc:98]
Resolution: If [get_<value>] was used to populate the object, check to make sure this command returns at least one valid object.
WARNING: [Vivado 12-584] No ports matched 'btnR'. [C:/Users/C28Noah.Marino/Documents/ECE/ece281-lab5/src/Basys3_Master.xdc:117]
CRITICAL WARNING: [Common 17-55] 'set_property' expects at least one object. [C:/Users/C28Noah.Marino/Documents/ECE/ece281-lab5/src/Basys3_Master.xdc:117]
Resolution: If [get_<value>] was used to populate the object, check to make sure this command returns at least one valid object.
WARNING: [Vivado 12-584] No ports matched 'btnR'. [C:/Users/C28Noah.Marino/Documents/ECE/ece281-lab5/src/Basys3_Master.xdc:118]
CRITICAL WARNING: [Common 17-55] 'set_property' expects at least one object. [C:/Users/C28Noah.Marino/Documents/ECE/ece281-lab5/src/Basys3_Master.xdc:118]
Resolution: If [get_<value>] was used to populate the object, check to make sure this command returns at least one valid object.
WARNING: [Vivado 12-584] No ports matched 'btnD'. [C:/Users/C28Noah.Marino/Documents/ECE/ece281-lab5/src/Basys3_Master.xdc:119]
CRITICAL WARNING: [Common 17-55] 'set_property' expects at least one object. [C:/Users/C28Noah.Marino/Documents/ECE/ece281-lab5/src/Basys3_Master.xdc:119]
Resolution: If [get_<value>] was used to populate the object, check to make sure this command returns at least one valid object.
WARNING: [Vivado 12-584] No ports matched 'btnD'. [C:/Users/C28Noah.Marino/Documents/ECE/ece281-lab5/src/Basys3_Master.xdc:120]
CRITICAL WARNING: [Common 17-55] 'set_property' expects at least one object. [C:/Users/C28Noah.Marino/Documents/ECE/ece281-lab5/src/Basys3_Master.xdc:120]
Resolution: If [get_<value>] was used to populate the object, check to make sure this command returns at least one valid object.
Finished Parsing XDC File [C:/Users/C28Noah.Marino/Documents/ECE/ece281-lab5/src/Basys3_Master.xdc]
INFO: [Project 1-236] Implementation specific constraints were found while reading constraint file [C:/Users/C28Noah.Marino/Documents/ECE/ece281-lab5/src/Basys3_Master.xdc]. These constraints will be ignored for synthesis but will be used in implementation. Impacted constraints are listed in the file [.Xil/top_basys3_propImpl.xdc].
Resolution: To avoid this warning, move constraints listed in [.Xil/top_basys3_propImpl.xdc] to another XDC file and exclude this new file from synthesis with the used_in_synthesis property (File Properties dialog in GUI) and re-run elaboration/synthesis.
Completed Processing XDC Constraints

Netlist sorting complete. Time (s): cpu = 00:00:00 ; elapsed = 00:00:00 . Memory (MB): peak = 1150.012 ; gain = 0.000
INFO: [Project 1-111] Unisim Transformation Summary:
No Unisim elements were transformed.

Constraint Validation Runtime : Time (s): cpu = 00:00:00 ; elapsed = 00:00:00.005 . Memory (MB): peak = 1150.012 ; gain = 0.000
---------------------------------------------------------------------------------
Finished Constraint Validation : Time (s): cpu = 00:00:13 ; elapsed = 00:00:17 . Memory (MB): peak = 1150.012 ; gain = 668.039
---------------------------------------------------------------------------------
---------------------------------------------------------------------------------
Start Loading Part and Timing Information
---------------------------------------------------------------------------------
Loading part: xc7a35tcpg236-1
---------------------------------------------------------------------------------
Finished Loading Part and Timing Information : Time (s): cpu = 00:00:13 ; elapsed = 00:00:17 . Memory (MB): peak = 1150.012 ; gain = 668.039
---------------------------------------------------------------------------------
---------------------------------------------------------------------------------
Start Applying 'set_property' XDC Constraints
---------------------------------------------------------------------------------
---------------------------------------------------------------------------------
Finished applying 'set_property' XDC Constraints : Time (s): cpu = 00:00:13 ; elapsed = 00:00:17 . Memory (MB): peak = 1150.012 ; gain = 668.039
---------------------------------------------------------------------------------
INFO: [Synth 8-802] inferred FSM for state register 'state_reg' in module 'button_debounce'
---------------------------------------------------------------------------------------------------
                   State |                     New Encoding |                Previous Encoding 
---------------------------------------------------------------------------------------------------
                 action0 |                             0000 |                             0000
                   comp1 |                             0001 |                             0001
                   init2 |                             0010 |                             0010
                   comp2 |                             0011 |                             0011
                    inc2 |                             0100 |                             0100
                   comp3 |                             0101 |                             0101
                   init4 |                             0110 |                             0110
                   comp4 |                             0111 |                             0111
                    inc4 |                             1000 |                             1000
                 action1 |                             1001 |                             1001
---------------------------------------------------------------------------------------------------
INFO: [Synth 8-3354] encoded FSM with state register 'state_reg' using encoding 'sequential' in module 'button_debounce'
WARNING: [Synth 8-327] inferring latch for variable 'f_Q_reg' [C:/Users/C28Noah.Marino/Documents/ECE/ece281-lab5/src/controller_fsm.vhd:44]
WARNING: [Synth 8-327] inferring latch for variable 'D_OUT_reg' [C:/Users/C28Noah.Marino/Documents/ECE/ece281-lab5/basic_cpu.srcs/sources_1/new/reg.vhd:49]
---------------------------------------------------------------------------------
Finished RTL Optimization Phase 2 : Time (s): cpu = 00:00:13 ; elapsed = 00:00:18 . Memory (MB): peak = 1150.012 ; gain = 668.039
---------------------------------------------------------------------------------
INFO: [Synth 8-223] decloning instance 'clk_div_debounce_inst' (clock_divider) to 'clk_div_TDM_inst'
---------------------------------------------------------------------------------
Start RTL Component Statistics 
---------------------------------------------------------------------------------
Detailed RTL Component Info : 
+---Adders : 
	   2 Input   32 Bit       Adders := 1     
	   2 Input   31 Bit       Adders := 2     
	   2 Input   21 Bit       Adders := 1     
	   2 Input    8 Bit       Adders := 1     
	   2 Input    4 Bit       Adders := 1     
	   2 Input    2 Bit       Adders := 1     
+---XORs : 
	   3 Input      1 Bit         XORs := 24    
	   2 Input      1 Bit         XORs := 2     
+---Registers : 
	               31 Bit    Registers := 1     
	               21 Bit    Registers := 1     
	                2 Bit    Registers := 1     
	                1 Bit    Registers := 1     
+---Muxes : 
	   2 Input   32 Bit        Muxes := 1     
	   2 Input   31 Bit        Muxes := 1     
	   3 Input   21 Bit        Muxes := 1     
	   4 Input    8 Bit        Muxes := 1     
	   2 Input    8 Bit        Muxes := 2     
	   3 Input    7 Bit        Muxes := 1     
	  10 Input    4 Bit        Muxes := 1     
	   2 Input    4 Bit        Muxes := 5     
	   4 Input    4 Bit        Muxes := 2     
	   8 Input    2 Bit        Muxes := 1     
	   4 Input    1 Bit        Muxes := 1     
	  10 Input    1 Bit        Muxes := 1     
	   2 Input    1 Bit        Muxes := 3     
	   3 Input    1 Bit        Muxes := 1     
---------------------------------------------------------------------------------
Finished RTL Component Statistics 
---------------------------------------------------------------------------------
---------------------------------------------------------------------------------
Start Part Resource Summary
---------------------------------------------------------------------------------
Part Resources:
DSPs: 90 (col length:60)
BRAMs: 100 (col length: RAMB18 60 RAMB36 30)
---------------------------------------------------------------------------------
Finished Part Resource Summary
---------------------------------------------------------------------------------
---------------------------------------------------------------------------------
Start Cross Boundary and Area Optimization
---------------------------------------------------------------------------------
WARNING: [Synth 8-7080] Parallel synthesis criteria is not met
WARNING: [Synth 8-7129] Port led[11] in module top_basys3 is either unconnected or has no load
WARNING: [Synth 8-7129] Port led[10] in module top_basys3 is either unconnected or has no load
WARNING: [Synth 8-7129] Port led[9] in module top_basys3 is either unconnected or has no load
WARNING: [Synth 8-7129] Port led[8] in module top_basys3 is either unconnected or has no load
WARNING: [Synth 8-7129] Port led[7] in module top_basys3 is either unconnected or has no load
WARNING: [Synth 8-7129] Port led[6] in module top_basys3 is either unconnected or has no load
WARNING: [Synth 8-7129] Port led[5] in module top_basys3 is either unconnected or has no load
WARNING: [Synth 8-7129] Port led[4] in module top_basys3 is either unconnected or has no load
---------------------------------------------------------------------------------
Finished Cross Boundary and Area Optimization : Time (s): cpu = 00:00:19 ; elapsed = 00:00:24 . Memory (MB): peak = 1178.965 ; gain = 696.992
---------------------------------------------------------------------------------
---------------------------------------------------------------------------------
Start Applying XDC Timing Constraints
---------------------------------------------------------------------------------
---------------------------------------------------------------------------------
Finished Applying XDC Timing Constraints : Time (s): cpu = 00:00:24 ; elapsed = 00:00:29 . Memory (MB): peak = 1253.445 ; gain = 771.473
---------------------------------------------------------------------------------
---------------------------------------------------------------------------------
Start Timing Optimization
---------------------------------------------------------------------------------
---------------------------------------------------------------------------------
Finished Timing Optimization : Time (s): cpu = 00:00:24 ; elapsed = 00:00:30 . Memory (MB): peak = 1275.449 ; gain = 793.477
---------------------------------------------------------------------------------
---------------------------------------------------------------------------------
Start Technology Mapping
---------------------------------------------------------------------------------
---------------------------------------------------------------------------------
Finished Technology Mapping : Time (s): cpu = 00:00:24 ; elapsed = 00:00:30 . Memory (MB): peak = 1277.008 ; gain = 795.035
---------------------------------------------------------------------------------
---------------------------------------------------------------------------------
Start IO Insertion
---------------------------------------------------------------------------------
---------------------------------------------------------------------------------
Start Flattening Before IO Insertion
---------------------------------------------------------------------------------
---------------------------------------------------------------------------------
Finished Flattening Before IO Insertion
---------------------------------------------------------------------------------
---------------------------------------------------------------------------------
Start Final Netlist Cleanup
---------------------------------------------------------------------------------
---------------------------------------------------------------------------------
Finished Final Netlist Cleanup
---------------------------------------------------------------------------------
---------------------------------------------------------------------------------
Finished IO Insertion : Time (s): cpu = 00:00:27 ; elapsed = 00:00:34 . Memory (MB): peak = 1480.242 ; gain = 998.270
---------------------------------------------------------------------------------
---------------------------------------------------------------------------------
Start Renaming Generated Instances
---------------------------------------------------------------------------------
---------------------------------------------------------------------------------
Finished Renaming Generated Instances : Time (s): cpu = 00:00:27 ; elapsed = 00:00:34 . Memory (MB): peak = 1480.242 ; gain = 998.270
---------------------------------------------------------------------------------
---------------------------------------------------------------------------------
Start Rebuilding User Hierarchy
---------------------------------------------------------------------------------
---------------------------------------------------------------------------------
Finished Rebuilding User Hierarchy : Time (s): cpu = 00:00:27 ; elapsed = 00:00:34 . Memory (MB): peak = 1480.242 ; gain = 998.270
---------------------------------------------------------------------------------
---------------------------------------------------------------------------------
Start Renaming Generated Ports
---------------------------------------------------------------------------------
---------------------------------------------------------------------------------
Finished Renaming Generated Ports : Time (s): cpu = 00:00:27 ; elapsed = 00:00:34 . Memory (MB): peak = 1480.242 ; gain = 998.270
---------------------------------------------------------------------------------
---------------------------------------------------------------------------------
Start Handling Custom Attributes
---------------------------------------------------------------------------------
---------------------------------------------------------------------------------
Finished Handling Custom Attributes : Time (s): cpu = 00:00:27 ; elapsed = 00:00:34 . Memory (MB): peak = 1480.242 ; gain = 998.270
---------------------------------------------------------------------------------
---------------------------------------------------------------------------------
Start Renaming Generated Nets
---------------------------------------------------------------------------------
---------------------------------------------------------------------------------
Finished Renaming Generated Nets : Time (s): cpu = 00:00:27 ; elapsed = 00:00:34 . Memory (MB): peak = 1480.242 ; gain = 998.270
---------------------------------------------------------------------------------
---------------------------------------------------------------------------------
Start Writing Synthesis Report
---------------------------------------------------------------------------------

Report BlackBoxes: 
+-+--------------+----------+
| |BlackBox name |Instances |
+-+--------------+----------+
+-+--------------+----------+

Report Cell Usage: 
+------+-------+------+
|      |Cell   |Count |
+------+-------+------+
|1     |BUFG   |     1|
|2     |CARRY4 |    78|
|3     |LUT1   |    46|
|4     |LUT2   |   112|
|5     |LUT3   |    90|
|6     |LUT4   |   129|
|7     |LUT5   |    94|
|8     |LUT6   |   111|
|9     |FDCE   |    34|
|10    |FDRE   |    25|
|11    |LD     |    20|
|12    |IBUF   |    12|
|13    |OBUF   |    19|
|14    |OBUFT  |     8|
+------+-------+------+
---------------------------------------------------------------------------------
Finished Writing Synthesis Report : Time (s): cpu = 00:00:27 ; elapsed = 00:00:34 . Memory (MB): peak = 1480.242 ; gain = 998.270
---------------------------------------------------------------------------------
Synthesis finished with 0 errors, 0 critical warnings and 11 warnings.
Synthesis Optimization Runtime : Time (s): cpu = 00:00:20 ; elapsed = 00:00:32 . Memory (MB): peak = 1480.242 ; gain = 904.488
Synthesis Optimization Complete : Time (s): cpu = 00:00:28 ; elapsed = 00:00:35 . Memory (MB): peak = 1480.242 ; gain = 998.270
INFO: [Project 1-571] Translating synthesized netlist
Netlist sorting complete. Time (s): cpu = 00:00:00 ; elapsed = 00:00:00.006 . Memory (MB): peak = 1489.438 ; gain = 0.000
INFO: [Netlist 29-17] Analyzing 98 Unisim elements for replacement
INFO: [Netlist 29-28] Unisim Transformation completed in 0 CPU seconds
INFO: [Project 1-570] Preparing netlist for logic optimization
INFO: [Opt 31-138] Pushed 0 inverter(s) to 0 load pin(s).
Netlist sorting complete. Time (s): cpu = 00:00:00 ; elapsed = 00:00:00.001 . Memory (MB): peak = 1493.082 ; gain = 0.000
INFO: [Project 1-111] Unisim Transformation Summary:
  A total of 20 instances were transformed.
  LD => LDCE: 20 instances

Synth Design complete | Checksum: 74195684
INFO: [Common 17-83] Releasing license: Synthesis
65 Infos, 44 Warnings, 22 Critical Warnings and 0 Errors encountered.
synth_design completed successfully
synth_design: Time (s): cpu = 00:00:30 ; elapsed = 00:00:41 . Memory (MB): peak = 1493.082 ; gain = 1206.609
INFO: [runtcl-6] Synthesis results are not added to the cache due to CRITICAL_WARNING
Write ShapeDB Complete: Time (s): cpu = 00:00:00 ; elapsed = 00:00:00.004 . Memory (MB): peak = 1493.082 ; gain = 0.000
INFO: [Common 17-1381] The checkpoint 'C:/Users/C28Noah.Marino/Documents/ECE/ece281-lab5/basic_cpu.runs/synth_1/top_basys3.dcp' has been generated.
INFO: [Vivado 12-24828] Executing command : report_utilization -file top_basys3_utilization_synth.rpt -pb top_basys3_utilization_synth.pb
INFO: [Common 17-206] Exiting Vivado at Thu Apr 30 07:53:07 2026...
